<?xml version="1.0" encoding="UTF-8"?>
<testsuite xmlns:xsi="http://www.w3.org/2001/XMLSchema-instance" xsi:noNamespaceSchemaLocation="https://maven.apache.org/surefire/maven-surefire-plugin/xsd/surefire-test-report.xsd" version="3.0.2" name="com.example.proyectofinal.ProyectoFInalApplicationTests" time="9.083" tests="1" errors="0" skipped="0" failures="0">
  <properties>
[...]
</properties>
  <testcase name="contextLoads" classname="com.example.proyectofinal.ProyectoFInalApplicationTests" time="0.439">
    <system-out><![CDATA[18:02:29.142 [main] INFO org.springframework.test.context.support.AnnotationConfigContextLoaderUtils -- Could not detect default configuration classes for test class [com.example.proyectofinal.ProyectoFInalApplicationTests]: ProyectoFInalApplicationTests does not declare any static, non-private, non-final, nested classes annotated with @Configuration.
18:02:29.280 [main] INFO org.springframework.boot.test.context.SpringBootTestContextBootstrapper -- Found @SpringBootConfiguration com.example.proyectofinal.ProyectoFInalApplication for test class com.example.proyectofinal.ProyectoFInalApplicationTests
18:02:29.440 [main] INFO org.springframework.boot.devtools.restart.RestartApplicationListener -- Restart disabled due to context in which it is running

  .   ____          _            __ _ _
 /\\ / ___'_ __ _ _(_)_ __  __ _ \ \ \ \
( ( )\___ | '_ | '_| | '_ \/ _` | \ \ \ \
 \\/  ___)| |_)| | | | | || (_| |  ) ) ) )
  '  |____| .__|_| |_|_| |_\__, | / / / /
 =========|_|==============|___/=/_/_/_/

 :: Spring Boot ::                (v3.4.3)

2025-05-10T18:02:29.718+02:00  INFO 1448 --- [ProyectoFInal] [           main] c.e.p.ProyectoFInalApplicationTests      : Starting ProyectoFInalApplicationTests using Java 24 with PID 1448 (started by mihai in C:\Users\mihai\Desktop\ParkingApp\ProyectoFInal)
2025-05-10T18:02:29.720+02:00 DEBUG 1448 --- [ProyectoFInal] [           main] c.e.p.ProyectoFInalApplicationTests      : Running with Spring Boot v3.4.3, Spring v6.2.3
2025-05-10T18:02:29.720+02:00  INFO 1448 --- [ProyectoFInal] [           main] c.e.p.ProyectoFInalApplicationTests      : No active profile set, falling back to 1 default profile: "default"
2025-05-10T18:02:29.721+02:00 DEBUG 1448 --- [ProyectoFInal] [           main] o.s.boot.SpringApplication               : Loading source class com.example.proyectofinal.ProyectoFInalApplication
2025-05-10T18:02:29.759+02:00 DEBUG 1448 --- [ProyectoFInal] [           main] o.s.w.c.s.GenericWebApplicationContext   : Refreshing org.springframework.web.context.support.GenericWebApplicationContext@547e29a4
2025-05-10T18:02:29.782+02:00 DEBUG 1448 --- [ProyectoFInal] [           main] o.s.b.f.s.DefaultListableBeanFactory     : Creating shared instance of singleton bean 'org.springframework.context.annotation.internalConfigurationAnnotationProcessor'
2025-05-10T18:02:29.800+02:00 DEBUG 1448 --- [ProyectoFInal] [           main] o.s.b.f.s.DefaultListableBeanFactory     : Creating shared instance of singleton bean 'org.springframework.boot.autoconfigure.internalCachingMetadataReaderFactory'
2025-05-10T18:02:29.846+02:00 DEBUG 1448 --- [ProyectoFInal] [           main] o.s.c.a.ClassPathBeanDefinitionScanner   : Identified candidate component class: file [C:\Users\mihai\Desktop\ParkingApp\ProyectoFInal\target\classes\com\example\proyectofinal\config\SecurityConfig.class]
2025-05-10T18:02:29.856+02:00 DEBUG 1448 --- [ProyectoFInal] [           main] o.s.c.a.ClassPathBeanDefinitionScanner   : Identified candidate component class: file [C:\Users\mihai\Desktop\ParkingApp\ProyectoFInal\target\classes\com\example\proyectofinal\controller\PaymentController.class]
2025-05-10T18:02:29.857+02:00 DEBUG 1448 --- [ProyectoFInal] [           main] o.s.c.a.ClassPathBeanDefinitionScanner   : Identified candidate component class: file [C:\Users\mihai\Desktop\ParkingApp\ProyectoFInal\target\classes\com\example\proyectofinal\controller\ReservaController.class]
2025-05-10T18:02:29.857+02:00 DEBUG 1448 --- [ProyectoFInal] [           main] o.s.c.a.ClassPathBeanDefinitionScanner   : Identified candidate component class: file [C:\Users\mihai\Desktop\ParkingApp\ProyectoFInal\target\classes\com\example\proyectofinal\controller\UserController.class]
2025-05-10T18:02:29.858+02:00 DEBUG 1448 --- [ProyectoFInal] [           main] o.s.c.a.ClassPathBeanDefinitionScanner   : Identified candidate component class: file [C:\Users\mihai\Desktop\ParkingApp\ProyectoFInal\target\classes\com\example\proyectofinal\controller\VehiculoController.class]
2025-05-10T18:02:29.862+02:00 DEBUG 1448 --- [ProyectoFInal] [           main] o.s.c.a.ClassPathBeanDefinitionScanner   : Ignored because not a concrete top-level class: file [C:\Users\mihai\Desktop\ParkingApp\ProyectoFInal\target\classes\com\example\proyectofinal\repository\VehiculoRepository.class]
2025-05-10T18:02:29.864+02:00 DEBUG 1448 --- [ProyectoFInal] [           main] o.s.c.a.ClassPathBeanDefinitionScanner   : Identified candidate component class: file [C:\Users\mihai\Desktop\ParkingApp\ProyectoFInal\target\classes\com\example\proyectofinal\scheduling\ReservaCleanupScheduler.class]
2025-05-10T18:02:29.865+02:00 DEBUG 1448 --- [ProyectoFInal] [           main] o.s.c.a.ClassPathBeanDefinitionScanner   : Identified candidate component class: file [C:\Users\mihai\Desktop\ParkingApp\ProyectoFInal\target\classes\com\example\proyectofinal\service\PaymentService.class]
2025-05-10T18:02:29.865+02:00 DEBUG 1448 --- [ProyectoFInal] [           main] o.s.c.a.ClassPathBeanDefinitionScanner   : Identified candidate component class: file [C:\Users\mihai\Desktop\ParkingApp\ProyectoFInal\target\classes\com\example\proyectofinal\service\ReservaService.class]
2025-05-10T18:02:29.865+02:00 DEBUG 1448 --- [ProyectoFInal] [           main] o.s.c.a.ClassPathBeanDefinitionScanner   : Identified candidate component class: file [C:\Users\mihai\Desktop\ParkingApp\ProyectoFInal\target\classes\com\example\proyectofinal\service\UserService.class]
2025-05-10T18:02:29.866+02:00 DEBUG 1448 --- [ProyectoFInal] [           main] o.s.c.a.ClassPathBeanDefinitionScanner   : Identified candidate component class: file [C:\Users\mihai\Desktop\ParkingApp\ProyectoFInal\target\classes\com\example\proyectofinal\service\VehiculoService.class]
2025-05-10T18:02:30.463+02:00  INFO 1448 --- [ProyectoFInal] [           main] .s.d.r.c.RepositoryConfigurationDelegate : Bootstrapping Spring Data JPA repositories in DEFAULT mode.
2025-05-10T18:02:30.473+02:00 DEBUG 1448 --- [ProyectoFInal] [           main] o.s.b.f.s.DefaultListableBeanFactory     : Creating shared instance of singleton bean 'org.springframework.boot.autoconfigure.AutoConfigurationPackages'
2025-05-10T18:02:30.485+02:00 DEBUG 1448 --- [ProyectoFInal] [           main] o.s.b.a.AutoConfigurationPackages        : @EnableAutoConfiguration was declared on a class in the package 'com.example.proyectofinal'. Automatic @Repository and @Entity scanning is enabled.
2025-05-10T18:02:30.488+02:00 DEBUG 1448 --- [ProyectoFInal] [           main] .s.d.r.c.RepositoryConfigurationDelegate : Scanning for JPA repositories in packages com.example.proyectofinal.
2025-05-10T18:02:30.499+02:00 DEBUG 1448 --- [ProyectoFInal] [           main] o.s.d.r.c.RepositoryComponentProvider    : Identified candidate component class: file [C:\Users\mihai\Desktop\ParkingApp\ProyectoFInal\target\classes\com\example\proyectofinal\repository\PaymentRepository.class]
2025-05-10T18:02:30.499+02:00 DEBUG 1448 --- [ProyectoFInal] [           main] o.s.d.r.c.RepositoryComponentProvider    : Identified candidate component class: file [C:\Users\mihai\Desktop\ParkingApp\ProyectoFInal\target\classes\com\example\proyectofinal\repository\ReservaRepository.class]
2025-05-10T18:02:30.499+02:00 DEBUG 1448 --- [ProyectoFInal] [           main] o.s.d.r.c.RepositoryComponentProvider    : Identified candidate component class: file [C:\Users\mihai\Desktop\ParkingApp\ProyectoFInal\target\classes\com\example\proyectofinal\repository\UserRepository.class]
2025-05-10T18:02:30.500+02:00 DEBUG 1448 --- [ProyectoFInal] [           main] o.s.d.r.c.RepositoryComponentProvider    : Identified candidate component class: file [C:\Users\mihai\Desktop\ParkingApp\ProyectoFInal\target\classes\com\example\proyectofinal\repository\VehiculoRepository.class]
2025-05-10T18:02:30.559+02:00  INFO 1448 --- [ProyectoFInal] [           main] .s.d.r.c.RepositoryConfigurationDelegate : Finished Spring Data repository scanning in 68 ms. Found 4 JPA repository interfaces.
2025-05-10T18:02:30.689+02:00 DEBUG 1448 --- [ProyectoFInal] [           main] o.s.b.f.s.DefaultListableBeanFactory     : Creating shared instance of singleton bean 'springSecurityHandlerMappingIntrospectorBeanDefinitionRegistryPostProcessor'
2025-05-10T18:02:30.691+02:00 DEBUG 1448 --- [ProyectoFInal] [           main] o.s.b.f.s.DefaultListableBeanFactory     : Creating shared instance of singleton bean 'authorizedClientManagerRegistrar'
2025-05-10T18:02:30.691+02:00 DEBUG 1448 --- [ProyectoFInal] [           main] o.s.b.f.s.DefaultListableBeanFactory     : Creating shared instance of singleton bean 'org.springframework.security.config.annotation.web.configuration.OAuth2ClientConfiguration$OAuth2AuthorizedClientManagerConfiguration'
2025-05-10T18:02:30.783+02:00 DEBUG 1448 --- [ProyectoFInal] [           main] o.s.b.f.s.DefaultListableBeanFactory     : Creating shared instance of singleton bean 'propertySourcesPlaceholderConfigurer'
2025-05-10T18:02:30.788+02:00 DEBUG 1448 --- [ProyectoFInal] [           main] o.s.b.f.s.DefaultListableBeanFactory     : Creating shared instance of singleton bean 'org.springframework.boot.test.mock.mockito.MockitoPostProcessor'
2025-05-10T18:02:30.789+02:00 DEBUG 1448 --- [ProyectoFInal] [           main] o.s.b.f.s.DefaultListableBeanFactory     : Creating shared instance of singleton bean 'emBeanDefinitionRegistrarPostProcessor'
2025-05-10T18:02:30.789+02:00 DEBUG 1448 --- [ProyectoFInal] [           main] o.s.b.f.s.DefaultListableBeanFactory     : Creating shared instance of singleton bean 'org.springframework.boot.sql.init.dependency.DatabaseInitializationDependencyConfigurer$DependsOnDatabaseInitializationPostProcessor'
2025-05-10T18:02:30.834+02:00 DEBUG 1448 --- [ProyectoFInal] [           main] o.s.b.f.s.DefaultListableBeanFactory     : Creating shared instance of singleton bean 'org.springframework.context.event.internalEventListenerProcessor'
2025-05-10T18:02:30.835+02:00 DEBUG 1448 --- [ProyectoFInal] [           main] o.s.b.f.s.DefaultListableBeanFactory     : Creating shared instance of singleton bean 'conversionServicePostProcessor'
2025-05-10T18:02:30.842+02:00 DEBUG 1448 --- [ProyectoFInal] [           main] o.s.b.f.s.DefaultListableBeanFactory     : Creating shared instance of singleton bean 'preserveErrorControllerTargetClassPostProcessor'
2025-05-10T18:02:30.843+02:00 DEBUG 1448 --- [ProyectoFInal] [           main] o.s.b.f.s.DefaultListableBeanFactory     : Creating shared instance of singleton bean 'org.springframework.context.event.internalEventListenerFactory'
2025-05-10T18:02:30.843+02:00 DEBUG 1448 --- [ProyectoFInal] [           main] o.s.b.f.s.DefaultListableBeanFactory     : Creating shared instance of singleton bean 'org.springframework.transaction.config.internalTransactionalEventListenerFactory'
2025-05-10T18:02:30.847+02:00 DEBUG 1448 --- [ProyectoFInal] [           main] o.s.b.f.s.DefaultListableBeanFactory     : Creating shared instance of singleton bean 'org.springframework.boot.test.mock.mockito.MockitoPostProcessor$SpyPostProcessor'
2025-05-10T18:02:30.848+02:00 DEBUG 1448 --- [ProyectoFInal] [           main] o.s.b.f.s.DefaultListableBeanFactory     : Creating shared instance of singleton bean 'org.springframework.context.annotation.internalAutowiredAnnotationProcessor'
2025-05-10T18:02:30.849+02:00 DEBUG 1448 --- [ProyectoFInal] [           main] o.s.b.f.s.DefaultListableBeanFactory     : Creating shared instance of singleton bean 'org.springframework.context.annotation.internalCommonAnnotationProcessor'
2025-05-10T18:02:30.852+02:00 DEBUG 1448 --- [ProyectoFInal] [           main] o.s.b.f.s.DefaultListableBeanFactory     : Creating shared instance of singleton bean 'org.springframework.context.annotation.internalPersistenceAnnotationProcessor'
2025-05-10T18:02:30.853+02:00 DEBUG 1448 --- [ProyectoFInal] [           main] o.s.b.f.s.DefaultListableBeanFactory     : Creating shared instance of singleton bean 'org.springframework.boot.context.properties.ConfigurationPropertiesBindingPostProcessor'
2025-05-10T18:02:30.853+02:00 DEBUG 1448 --- [ProyectoFInal] [           main] o.s.b.f.s.DefaultListableBeanFactory     : Creating shared instance of singleton bean 'org.springframework.boot.context.internalConfigurationPropertiesBinder'
2025-05-10T18:02:30.855+02:00 DEBUG 1448 --- [ProyectoFInal] [           main] o.s.b.f.s.DefaultListableBeanFactory     : Creating shared instance of singleton bean 'jdbcConnectionDetailsHikariBeanPostProcessor'
2025-05-10T18:02:30.858+02:00 DEBUG 1448 --- [ProyectoFInal] [           main] o.s.b.f.s.DefaultListableBeanFactory     : Creating shared instance of singleton bean 'org.springframework.context.annotation.internalScheduledAnnotationProcessor'
2025-05-10T18:02:30.858+02:00 DEBUG 1448 --- [ProyectoFInal] [           main] o.s.b.f.s.DefaultListableBeanFactory     : Creating shared instance of singleton bean 'org.springframework.scheduling.annotation.SchedulingConfiguration'
2025-05-10T18:02:30.865+02:00 DEBUG 1448 --- [ProyectoFInal] [           main] o.s.b.f.s.DefaultListableBeanFactory     : Creating shared instance of singleton bean 'methodValidationPostProcessor'
2025-05-10T18:02:30.866+02:00 DEBUG 1448 --- [ProyectoFInal] [           main] o.s.b.f.s.DefaultListableBeanFactory     : Autowiring by type from bean name 'methodValidationPostProcessor' via factory method to bean named 'environment'
2025-05-10T18:02:30.868+02:00 DEBUG 1448 --- [ProyectoFInal] [           main] o.s.b.f.s.DefaultListableBeanFactory     : Creating shared instance of singleton bean 'org.springframework.boot.context.properties.EnableConfigurationPropertiesRegistrar.methodValidationExcludeFilter'
2025-05-10T18:02:30.880+02:00 DEBUG 1448 --- [ProyectoFInal] [           main] o.s.b.f.s.DefaultListableBeanFactory     : Creating shared instance of singleton bean 'org.springframework.aop.config.internalAutoProxyCreator'
2025-05-10T18:02:30.895+02:00 DEBUG 1448 --- [ProyectoFInal] [           main] o.s.b.f.s.DefaultListableBeanFactory     : Creating shared instance of singleton bean 'persistenceExceptionTranslationPostProcessor'
2025-05-10T18:02:30.896+02:00 DEBUG 1448 --- [ProyectoFInal] [           main] o.s.b.f.s.DefaultListableBeanFactory     : Autowiring by type from bean name 'persistenceExceptionTranslationPostProcessor' via factory method to bean named 'environment'
2025-05-10T18:02:30.898+02:00 DEBUG 1448 --- [ProyectoFInal] [           main] o.s.b.f.s.DefaultListableBeanFactory     : Creating shared instance of singleton bean 'webServerFactoryCustomizerBeanPostProcessor'
2025-05-10T18:02:30.899+02:00 DEBUG 1448 --- [ProyectoFInal] [           main] o.s.b.f.s.DefaultListableBeanFactory     : Creating shared instance of singleton bean 'errorPageRegistrarBeanPostProcessor'
2025-05-10T18:02:30.900+02:00 DEBUG 1448 --- [ProyectoFInal] [           main] o.s.b.f.s.DefaultListableBeanFactory     : Creating shared instance of singleton bean 'projectingArgumentResolverBeanPostProcessor'
2025-05-10T18:02:30.901+02:00 DEBUG 1448 --- [ProyectoFInal] [           main] o.s.b.f.s.DefaultListableBeanFactory     : Creating shared instance of singleton bean 'org.springframework.transaction.config.internalTransactionAdvisor'
2025-05-10T18:02:30.901+02:00 DEBUG 1448 --- [ProyectoFInal] [           main] o.s.b.f.s.DefaultListableBeanFactory     : Creating shared instance of singleton bean 'org.springframework.transaction.annotation.ProxyTransactionManagementConfiguration'
2025-05-10T18:02:30.909+02:00 DEBUG 1448 --- [ProyectoFInal] [           main] o.s.b.f.s.DefaultListableBeanFactory     : Creating shared instance of singleton bean 'transactionAttributeSource'
2025-05-10T18:02:30.910+02:00 DEBUG 1448 --- [ProyectoFInal] [           main] o.s.b.f.s.DefaultListableBeanFactory     : Creating shared instance of singleton bean 'transactionInterceptor'
2025-05-10T18:02:30.911+02:00 DEBUG 1448 --- [ProyectoFInal] [           main] o.s.b.f.s.DefaultListableBeanFactory     : Autowiring by type from bean name 'transactionInterceptor' via factory method to bean named 'transactionAttributeSource'
2025-05-10T18:02:30.920+02:00 DEBUG 1448 --- [ProyectoFInal] [           main] o.s.b.f.s.DefaultListableBeanFactory     : Autowiring by type from bean name 'org.springframework.transaction.config.internalTransactionAdvisor' via factory method to bean named 'transactionAttributeSource'
2025-05-10T18:02:30.920+02:00 DEBUG 1448 --- [ProyectoFInal] [           main] o.s.b.f.s.DefaultListableBeanFactory     : Autowiring by type from bean name 'org.springframework.transaction.config.internalTransactionAdvisor' via factory method to bean named 'transactionInterceptor'
2025-05-10T18:02:30.944+02:00 DEBUG 1448 --- [ProyectoFInal] [           main] o.s.u.c.s.UiApplicationContextUtils      : Unable to locate ThemeSource with name 'themeSource': using default [org.springframework.ui.context.support.ResourceBundleThemeSource@51fc862e]
2025-05-10T18:02:30.945+02:00 DEBUG 1448 --- [ProyectoFInal] [           main] o.s.b.f.s.DefaultListableBeanFactory     : Creating shared instance of singleton bean 'org.springframework.test.context.support.internalDynamicPropertyRegistrarBeanInitializer'
2025-05-10T18:02:30.947+02:00 DEBUG 1448 --- [ProyectoFInal] [           main] o.s.b.f.s.DefaultListableBeanFactory     : Creating shared instance of singleton bean 'dataSourceScriptDatabaseInitializer'
2025-05-10T18:02:30.947+02:00 DEBUG 1448 --- [ProyectoFInal] [           main] o.s.b.f.s.DefaultListableBeanFactory     : Creating shared instance of singleton bean 'org.springframework.boot.autoconfigure.sql.init.DataSourceInitializationConfiguration'
2025-05-10T18:02:30.948+02:00 DEBUG 1448 --- [ProyectoFInal] [           main] o.s.b.f.s.DefaultListableBeanFactory     : Creating shared instance of singleton bean 'dataSource'
2025-05-10T18:02:30.948+02:00 DEBUG 1448 --- [ProyectoFInal] [           main] o.s.b.f.s.DefaultListableBeanFactory     : Creating shared instance of singleton bean 'org.springframework.boot.autoconfigure.jdbc.DataSourceConfiguration$Hikari'
2025-05-10T18:02:30.949+02:00 DEBUG 1448 --- [ProyectoFInal] [           main] o.s.b.f.s.DefaultListableBeanFactory     : Creating shared instance of singleton bean 'spring.datasource-org.springframework.boot.autoconfigure.jdbc.DataSourceProperties'
2025-05-10T18:02:30.949+02:00 DEBUG 1448 --- [ProyectoFInal] [           main] o.s.b.f.s.DefaultListableBeanFactory     : Creating shared instance of singleton bean 'org.springframework.boot.context.properties.BoundConfigurationProperties'
2025-05-10T18:02:30.964+02:00 DEBUG 1448 --- [ProyectoFInal] [           main] o.s.b.f.s.DefaultListableBeanFactory     : Creating shared instance of singleton bean 'jdbcConnectionDetails'
2025-05-10T18:02:30.964+02:00 DEBUG 1448 --- [ProyectoFInal] [           main] o.s.b.f.s.DefaultListableBeanFactory     : Creating shared instance of singleton bean 'org.springframework.boot.autoconfigure.jdbc.DataSourceAutoConfiguration$PooledDataSourceConfiguration'
2025-05-10T18:02:30.964+02:00 DEBUG 1448 --- [ProyectoFInal] [           main] o.s.b.f.s.DefaultListableBeanFactory     : Autowiring by type from bean name 'jdbcConnectionDetails' via factory method to bean named 'spring.datasource-org.springframework.boot.autoconfigure.jdbc.DataSourceProperties'
2025-05-10T18:02:30.965+02:00 DEBUG 1448 --- [ProyectoFInal] [           main] o.s.b.f.s.DefaultListableBeanFactory     : Autowiring by type from bean name 'dataSource' via factory method to bean named 'spring.datasource-org.springframework.boot.autoconfigure.jdbc.DataSourceProperties'
2025-05-10T18:02:30.965+02:00 DEBUG 1448 --- [ProyectoFInal] [           main] o.s.b.f.s.DefaultListableBeanFactory     : Autowiring by type from bean name 'dataSource' via factory method to bean named 'jdbcConnectionDetails'
2025-05-10T18:02:30.989+02:00 DEBUG 1448 --- [ProyectoFInal] [           main] o.s.b.f.s.DefaultListableBeanFactory     : Creating shared instance of singleton bean 'spring.sql.init-org.springframework.boot.autoconfigure.sql.init.SqlInitializationProperties'
2025-05-10T18:02:30.991+02:00 DEBUG 1448 --- [ProyectoFInal] [           main] o.s.b.f.s.DefaultListableBeanFactory     : Autowiring by type from bean name 'dataSourceScriptDatabaseInitializer' via factory method to bean named 'dataSource'
2025-05-10T18:02:30.991+02:00 DEBUG 1448 --- [ProyectoFInal] [           main] o.s.b.f.s.DefaultListableBeanFactory     : Autowiring by type from bean name 'dataSourceScriptDatabaseInitializer' via factory method to bean named 'spring.sql.init-org.springframework.boot.autoconfigure.sql.init.SqlInitializationProperties'
2025-05-10T18:02:30.996+02:00 DEBUG 1448 --- [ProyectoFInal] [           main] o.s.b.f.s.DefaultListableBeanFactory     : Creating shared instance of singleton bean 'entityManagerFactory'
2025-05-10T18:02:30.996+02:00 DEBUG 1448 --- [ProyectoFInal] [           main] o.s.b.f.s.DefaultListableBeanFactory     : Creating shared instance of singleton bean 'org.springframework.boot.autoconfigure.orm.jpa.HibernateJpaConfiguration'
2025-05-10T18:02:30.997+02:00 DEBUG 1448 --- [ProyectoFInal] [           main] o.s.b.f.s.DefaultListableBeanFactory     : Creating shared instance of singleton bean 'spring.jpa-org.springframework.boot.autoconfigure.orm.jpa.JpaProperties'
2025-05-10T18:02:31.000+02:00 DEBUG 1448 --- [ProyectoFInal] [           main] o.s.b.f.s.DefaultListableBeanFactory     : Creating shared instance of singleton bean 'spring.jpa.hibernate-org.springframework.boot.autoconfigure.orm.jpa.HibernateProperties'
2025-05-10T18:02:31.001+02:00 DEBUG 1448 --- [ProyectoFInal] [           main] o.s.b.f.s.DefaultListableBeanFactory     : Autowiring by type from bean name 'org.springframework.boot.autoconfigure.orm.jpa.HibernateJpaConfiguration' via constructor to bean named 'dataSource'
2025-05-10T18:02:31.001+02:00 DEBUG 1448 --- [ProyectoFInal] [           main] o.s.b.f.s.DefaultListableBeanFactory     : Autowiring by type from bean name 'org.springframework.boot.autoconfigure.orm.jpa.HibernateJpaConfiguration' via constructor to bean named 'spring.jpa-org.springframework.boot.autoconfigure.orm.jpa.JpaProperties'
2025-05-10T18:02:31.001+02:00 DEBUG 1448 --- [ProyectoFInal] [           main] o.s.b.f.s.DefaultListableBeanFactory     : Autowiring by type from bean name 'org.springframework.boot.autoconfigure.orm.jpa.HibernateJpaConfiguration' via constructor to bean named 'org.springframework.beans.factory.support.DefaultListableBeanFactory@39ab59f8'
2025-05-10T18:02:31.001+02:00 DEBUG 1448 --- [ProyectoFInal] [           main] o.s.b.f.s.DefaultListableBeanFactory     : Autowiring by type from bean name 'org.springframework.boot.autoconfigure.orm.jpa.HibernateJpaConfiguration' via constructor to bean named 'spring.jpa.hibernate-org.springframework.boot.autoconfigure.orm.jpa.HibernateProperties'
2025-05-10T18:02:31.007+02:00 DEBUG 1448 --- [ProyectoFInal] [           main] o.s.b.f.s.DefaultListableBeanFactory     : Creating shared instance of singleton bean 'hikariPoolDataSourceMetadataProvider'
2025-05-10T18:02:31.007+02:00 DEBUG 1448 --- [ProyectoFInal] [           main] o.s.b.f.s.DefaultListableBeanFactory     : Creating shared instance of singleton bean 'org.springframework.boot.autoconfigure.jdbc.metadata.DataSourcePoolMetadataProvidersConfiguration$HikariPoolDataSourceMetadataProviderConfiguration'
2025-05-10T18:02:31.011+02:00 DEBUG 1448 --- [ProyectoFInal] [           main] o.s.b.f.s.DefaultListableBeanFactory     : Creating shared instance of singleton bean 'entityManagerFactoryBuilder'
2025-05-10T18:02:31.012+02:00 DEBUG 1448 --- [ProyectoFInal] [           main] o.s.b.f.s.DefaultListableBeanFactory     : Creating shared instance of singleton bean 'jpaVendorAdapter'
2025-05-10T18:02:31.025+02:00 DEBUG 1448 --- [ProyectoFInal] [           main] o.s.b.f.s.DefaultListableBeanFactory     : Autowiring by type from bean name 'entityManagerFactoryBuilder' via factory method to bean named 'jpaVendorAdapter'
2025-05-10T18:02:31.036+02:00 DEBUG 1448 --- [ProyectoFInal] [           main] o.s.b.f.s.DefaultListableBeanFactory     : Creating shared instance of singleton bean 'persistenceManagedTypes'
2025-05-10T18:02:31.037+02:00 DEBUG 1448 --- [ProyectoFInal] [           main] o.s.b.f.s.DefaultListableBeanFactory     : Autowiring by type from bean name 'persistenceManagedTypes' via factory method to bean named 'org.springframework.beans.factory.support.DefaultListableBeanFactory@39ab59f8'
2025-05-10T18:02:31.037+02:00 DEBUG 1448 --- [ProyectoFInal] [           main] o.s.b.f.s.DefaultListableBeanFactory     : Autowiring by type from bean name 'persistenceManagedTypes' via factory method to bean named 'org.springframework.web.context.support.GenericWebApplicationContext@547e29a4'
2025-05-10T18:02:31.047+02:00 DEBUG 1448 --- [ProyectoFInal] [           main] o.s.b.f.s.DefaultListableBeanFactory     : Autowiring by type from bean name 'entityManagerFactory' via factory method to bean named 'entityManagerFactoryBuilder'
2025-05-10T18:02:31.047+02:00 DEBUG 1448 --- [ProyectoFInal] [           main] o.s.b.f.s.DefaultListableBeanFactory     : Autowiring by type from bean name 'entityManagerFactory' via factory method to bean named 'persistenceManagedTypes'
2025-05-10T18:02:31.057+02:00 DEBUG 1448 --- [ProyectoFInal] [           main] j.LocalContainerEntityManagerFactoryBean : Building JPA container EntityManagerFactory for persistence unit 'default'
2025-05-10T18:02:31.082+02:00  INFO 1448 --- [ProyectoFInal] [           main] o.hibernate.jpa.internal.util.LogHelper  : HHH000204: Processing PersistenceUnitInfo [name: default]
2025-05-10T18:02:31.139+02:00  INFO 1448 --- [ProyectoFInal] [           main] org.hibernate.Version                    : HHH000412: Hibernate ORM core version 6.6.8.Final
2025-05-10T18:02:31.183+02:00  INFO 1448 --- [ProyectoFInal] [           main] o.h.c.internal.RegionFactoryInitiator    : HHH000026: Second-level cache disabled
2025-05-10T18:02:31.533+02:00  INFO 1448 --- [ProyectoFInal] [           main] o.s.o.j.p.SpringPersistenceUnitInfo      : No LoadTimeWeaver setup: ignoring JPA class transformer
2025-05-10T18:02:31.571+02:00  INFO 1448 --- [ProyectoFInal] [           main] com.zaxxer.hikari.HikariDataSource       : HikariPool-1 - Starting...
2025-05-10T18:02:33.025+02:00  INFO 1448 --- [ProyectoFInal] [           main] com.zaxxer.hikari.pool.HikariPool        : HikariPool-1 - Added connection org.postgresql.jdbc.PgConnection@402a69f
2025-05-10T18:02:33.026+02:00  INFO 1448 --- [ProyectoFInal] [           main] com.zaxxer.hikari.HikariDataSource       : HikariPool-1 - Start completed.
2025-05-10T18:02:33.167+02:00  WARN 1448 --- [ProyectoFInal] [           main] org.hibernate.orm.deprecation            : HHH90000025: PostgreSQLDialect does not need to be specified explicitly using 'hibernate.dialect' (remove the property setting and it will be selected by default)
2025-05-10T18:02:33.411+02:00  INFO 1448 --- [ProyectoFInal] [           main] org.hibernate.orm.connections.pooling    : HHH10001005: Database info:
	Database JDBC URL [Connecting through datasource 'HikariDataSource (HikariPool-1)']
	Database driver: undefined/unknown
	Database version: 17.2
	Autocommit mode: undefined/unknown
	Isolation level: undefined/unknown
	Minimum pool size: undefined/unknown
	Maximum pool size: undefined/unknown
2025-05-10T18:02:34.207+02:00  INFO 1448 --- [ProyectoFInal] [           main] o.h.e.t.j.p.i.JtaPlatformInitiator       : HHH000489: No JTA platform available (set 'hibernate.transaction.jta.platform' to enable JTA platform integration)
2025-05-10T18:02:36.268+02:00  INFO 1448 --- [ProyectoFInal] [           main] j.LocalContainerEntityManagerFactoryBean : Initialized JPA EntityManagerFactory for persistence unit 'default'
2025-05-10T18:02:36.272+02:00 DEBUG 1448 --- [ProyectoFInal] [           main] o.s.b.f.s.DefaultListableBeanFactory     : Creating shared instance of singleton bean 'proyectoFInalApplication'
2025-05-10T18:02:36.273+02:00 DEBUG 1448 --- [ProyectoFInal] [           main] o.s.b.f.s.DefaultListableBeanFactory     : Creating shared instance of singleton bean 'securityConfig'
2025-05-10T18:02:36.275+02:00 DEBUG 1448 --- [ProyectoFInal] [           main] o.s.b.f.s.DefaultListableBeanFactory     : Creating shared instance of singleton bean 'userRepository'
2025-05-10T18:02:36.283+02:00 DEBUG 1448 --- [ProyectoFInal] [           main] o.s.b.f.s.DefaultListableBeanFactory     : Creating shared instance of singleton bean 'jpa.named-queries#2'
2025-05-10T18:02:36.285+02:00 DEBUG 1448 --- [ProyectoFInal] [           main] o.s.b.f.s.DefaultListableBeanFactory     : Creating shared instance of singleton bean 'jpa.UserRepository.fragments#0'
2025-05-10T18:02:36.289+02:00 DEBUG 1448 --- [ProyectoFInal] [           main] o.s.b.f.s.DefaultListableBeanFactory     : Creating shared instance of singleton bean 'jpaSharedEM_entityManagerFactory'
2025-05-10T18:02:36.316+02:00 DEBUG 1448 --- [ProyectoFInal] [           main] o.s.b.f.s.DefaultListableBeanFactory     : Creating shared instance of singleton bean 'jpaMappingContext'
2025-05-10T18:02:36.316+02:00 DEBUG 1448 --- [ProyectoFInal] [           main] .c.JpaMetamodelMappingContextFactoryBean : Initializing JpaMetamodelMappingContext…
2025-05-10T18:02:36.331+02:00 DEBUG 1448 --- [ProyectoFInal] [           main] .c.JpaMetamodelMappingContextFactoryBean : Finished initializing JpaMetamodelMappingContext
2025-05-10T18:02:36.360+02:00 DEBUG 1448 --- [ProyectoFInal] [           main] tor$SharedEntityManagerInvocationHandler : Creating new EntityManager for shared EntityManager invocation
2025-05-10T18:02:36.397+02:00 DEBUG 1448 --- [ProyectoFInal] [           main] tor$SharedEntityManagerInvocationHandler : Creating new EntityManager for shared EntityManager invocation
2025-05-10T18:02:36.448+02:00 DEBUG 1448 --- [ProyectoFInal] [           main] o.s.d.r.c.s.RepositoryFactorySupport     : Initializing repository instance for com.example.proyectofinal.repository.UserRepository…
2025-05-10T18:02:36.461+02:00 DEBUG 1448 --- [ProyectoFInal] [           main] tor$SharedEntityManagerInvocationHandler : Creating new EntityManager for shared EntityManager invocation
2025-05-10T18:02:36.507+02:00 DEBUG 1448 --- [ProyectoFInal] [           main] o.s.d.jpa.repository.query.NamedQuery    : Looking up named query 'User.findByUsername'
2025-05-10T18:02:36.510+02:00 DEBUG 1448 --- [ProyectoFInal] [           main] o.s.d.jpa.repository.query.NamedQuery    : Did not find named query User.findByUsername
2025-05-10T18:02:36.513+02:00 DEBUG 1448 --- [ProyectoFInal] [           main] tor$SharedEntityManagerInvocationHandler : Creating new EntityManager for shared EntityManager invocation
2025-05-10T18:02:36.566+02:00 DEBUG 1448 --- [ProyectoFInal] [           main] o.s.d.jpa.repository.query.NamedQuery    : Looking up named query 'User.findByEmail'
2025-05-10T18:02:36.567+02:00 DEBUG 1448 --- [ProyectoFInal] [           main] o.s.d.jpa.repository.query.NamedQuery    : Did not find named query User.findByEmail
2025-05-10T18:02:36.567+02:00 DEBUG 1448 --- [ProyectoFInal] [           main] tor$SharedEntityManagerInvocationHandler : Creating new EntityManager for shared EntityManager invocation
2025-05-10T18:02:36.572+02:00 DEBUG 1448 --- [ProyectoFInal] [           main] o.s.d.r.c.s.RepositoryFactorySupport     : Finished creation of repository instance for com.example.proyectofinal.repository.UserRepository.
2025-05-10T18:02:36.578+02:00 DEBUG 1448 --- [ProyectoFInal] [           main] o.s.b.f.s.DefaultListableBeanFactory     : Autowiring by type from bean name 'securityConfig' via constructor to bean named 'userRepository'
2025-05-10T18:02:36.579+02:00 DEBUG 1448 --- [ProyectoFInal] [           main] o.s.b.f.s.DefaultListableBeanFactory     : Creating shared instance of singleton bean 'paymentController'
2025-05-10T18:02:36.583+02:00 DEBUG 1448 --- [ProyectoFInal] [           main] o.s.b.f.s.DefaultListableBeanFactory     : Creating shared instance of singleton bean 'paymentService'
2025-05-10T18:02:36.584+02:00 DEBUG 1448 --- [ProyectoFInal] [           main] o.s.b.f.s.DefaultListableBeanFactory     : Creating shared instance of singleton bean 'paymentRepository'
2025-05-10T18:02:36.585+02:00 DEBUG 1448 --- [ProyectoFInal] [           main] o.s.b.f.s.DefaultListableBeanFactory     : Creating shared instance of singleton bean 'jpa.named-queries#0'
2025-05-10T18:02:36.586+02:00 DEBUG 1448 --- [ProyectoFInal] [           main] o.s.b.f.s.DefaultListableBeanFactory     : Creating shared instance of singleton bean 'jpa.PaymentRepository.fragments#0'
2025-05-10T18:02:36.587+02:00 DEBUG 1448 --- [ProyectoFInal] [           main] tor$SharedEntityManagerInvocationHandler : Creating new EntityManager for shared EntityManager invocation
2025-05-10T18:02:36.591+02:00 DEBUG 1448 --- [ProyectoFInal] [           main] o.s.d.r.c.s.RepositoryFactorySupport     : Initializing repository instance for com.example.proyectofinal.repository.PaymentRepository…
2025-05-10T18:02:36.592+02:00 DEBUG 1448 --- [ProyectoFInal] [           main] tor$SharedEntityManagerInvocationHandler : Creating new EntityManager for shared EntityManager invocation
2025-05-10T18:02:36.595+02:00 DEBUG 1448 --- [ProyectoFInal] [           main] o.s.d.jpa.repository.query.NamedQuery    : Looking up named query 'Payment.findByUserId'
2025-05-10T18:02:36.596+02:00 DEBUG 1448 --- [ProyectoFInal] [           main] o.s.d.jpa.repository.query.NamedQuery    : Did not find named query Payment.findByUserId
2025-05-10T18:02:36.596+02:00 DEBUG 1448 --- [ProyectoFInal] [           main] tor$SharedEntityManagerInvocationHandler : Creating new EntityManager for shared EntityManager invocation
2025-05-10T18:02:36.620+02:00 DEBUG 1448 --- [ProyectoFInal] [           main] o.s.d.r.c.s.RepositoryFactorySupport     : Finished creation of repository instance for com.example.proyectofinal.repository.PaymentRepository.
2025-05-10T18:02:36.622+02:00 DEBUG 1448 --- [ProyectoFInal] [           main] o.s.b.f.s.DefaultListableBeanFactory     : Creating shared instance of singleton bean 'reservaService'
2025-05-10T18:02:36.622+02:00 DEBUG 1448 --- [ProyectoFInal] [           main] o.s.b.f.s.DefaultListableBeanFactory     : Creating shared instance of singleton bean 'reservaRepository'
2025-05-10T18:02:36.623+02:00 DEBUG 1448 --- [ProyectoFInal] [           main] o.s.b.f.s.DefaultListableBeanFactory     : Creating shared instance of singleton bean 'jpa.named-queries#1'
2025-05-10T18:02:36.624+02:00 DEBUG 1448 --- [ProyectoFInal] [           main] o.s.b.f.s.DefaultListableBeanFactory     : Creating shared instance of singleton bean 'jpa.ReservaRepository.fragments#0'
2025-05-10T18:02:36.624+02:00 DEBUG 1448 --- [ProyectoFInal] [           main] tor$SharedEntityManagerInvocationHandler : Creating new EntityManager for shared EntityManager invocation
2025-05-10T18:02:36.628+02:00 DEBUG 1448 --- [ProyectoFInal] [           main] o.s.d.r.c.s.RepositoryFactorySupport     : Initializing repository instance for com.example.proyectofinal.repository.ReservaRepository…
2025-05-10T18:02:36.629+02:00 DEBUG 1448 --- [ProyectoFInal] [           main] tor$SharedEntityManagerInvocationHandler : Creating new EntityManager for shared EntityManager invocation
2025-05-10T18:02:36.630+02:00 DEBUG 1448 --- [ProyectoFInal] [           main] o.s.d.jpa.repository.query.NamedQuery    : Looking up named query 'Reserva.findByUsuarioUsername'
2025-05-10T18:02:36.631+02:00 DEBUG 1448 --- [ProyectoFInal] [           main] o.s.d.jpa.repository.query.NamedQuery    : Did not find named query Reserva.findByUsuarioUsername
2025-05-10T18:02:36.631+02:00 DEBUG 1448 --- [ProyectoFInal] [           main] tor$SharedEntityManagerInvocationHandler : Creating new EntityManager for shared EntityManager invocation
2025-05-10T18:02:36.634+02:00 DEBUG 1448 --- [ProyectoFInal] [           main] o.s.d.r.c.s.RepositoryFactorySupport     : Finished creation of repository instance for com.example.proyectofinal.repository.ReservaRepository.
2025-05-10T18:02:36.635+02:00 DEBUG 1448 --- [ProyectoFInal] [           main] o.s.b.f.s.DefaultListableBeanFactory     : Autowiring by type from bean name 'reservaService' via constructor to bean named 'reservaRepository'
2025-05-10T18:02:36.635+02:00 DEBUG 1448 --- [ProyectoFInal] [           main] o.s.b.f.s.DefaultListableBeanFactory     : Autowiring by type from bean name 'reservaService' via constructor to bean named 'userRepository'
2025-05-10T18:02:36.636+02:00 DEBUG 1448 --- [ProyectoFInal] [           main] o.s.b.f.s.DefaultListableBeanFactory     : Creating shared instance of singleton bean 'userService'
2025-05-10T18:02:36.636+02:00 DEBUG 1448 --- [ProyectoFInal] [           main] o.s.b.f.s.DefaultListableBeanFactory     : Creating shared instance of singleton bean 'passwordEncoder'
2025-05-10T18:02:36.638+02:00 DEBUG 1448 --- [ProyectoFInal] [           main] o.s.b.f.s.DefaultListableBeanFactory     : Creating shared instance of singleton bean 'reservaController'
2025-05-10T18:02:36.639+02:00 DEBUG 1448 --- [ProyectoFInal] [           main] o.s.b.f.s.DefaultListableBeanFactory     : Creating shared instance of singleton bean 'vehiculoService'
2025-05-10T18:02:36.639+02:00 DEBUG 1448 --- [ProyectoFInal] [           main] o.s.b.f.s.DefaultListableBeanFactory     : Creating shared instance of singleton bean 'vehiculoRepository'
2025-05-10T18:02:36.640+02:00 DEBUG 1448 --- [ProyectoFInal] [           main] o.s.b.f.s.DefaultListableBeanFactory     : Creating shared instance of singleton bean 'jpa.named-queries#3'
2025-05-10T18:02:36.641+02:00 DEBUG 1448 --- [ProyectoFInal] [           main] o.s.b.f.s.DefaultListableBeanFactory     : Creating shared instance of singleton bean 'jpa.VehiculoRepository.fragments#0'
2025-05-10T18:02:36.641+02:00 DEBUG 1448 --- [ProyectoFInal] [           main] tor$SharedEntityManagerInvocationHandler : Creating new EntityManager for shared EntityManager invocation
2025-05-10T18:02:36.642+02:00 DEBUG 1448 --- [ProyectoFInal] [           main] o.s.d.r.c.s.RepositoryFactorySupport     : Initializing repository instance for com.example.proyectofinal.repository.VehiculoRepository…
2025-05-10T18:02:36.642+02:00 DEBUG 1448 --- [ProyectoFInal] [           main] tor$SharedEntityManagerInvocationHandler : Creating new EntityManager for shared EntityManager invocation
2025-05-10T18:02:36.652+02:00 DEBUG 1448 --- [ProyectoFInal] [           main] o.s.d.jpa.repository.query.NamedQuery    : Looking up named query 'Vehiculo.findByUser'
2025-05-10T18:02:36.653+02:00 DEBUG 1448 --- [ProyectoFInal] [           main] o.s.d.jpa.repository.query.NamedQuery    : Did not find named query Vehiculo.findByUser
2025-05-10T18:02:36.653+02:00 DEBUG 1448 --- [ProyectoFInal] [           main] tor$SharedEntityManagerInvocationHandler : Creating new EntityManager for shared EntityManager invocation
2025-05-10T18:02:36.657+02:00 DEBUG 1448 --- [ProyectoFInal] [           main] o.s.d.r.c.s.RepositoryFactorySupport     : Finished creation of repository instance for com.example.proyectofinal.repository.VehiculoRepository.
2025-05-10T18:02:36.658+02:00 DEBUG 1448 --- [ProyectoFInal] [           main] o.s.b.f.s.DefaultListableBeanFactory     : Autowiring by type from bean name 'reservaController' via constructor to bean named 'reservaService'
2025-05-10T18:02:36.658+02:00 DEBUG 1448 --- [ProyectoFInal] [           main] o.s.b.f.s.DefaultListableBeanFactory     : Autowiring by type from bean name 'reservaController' via constructor to bean named 'userService'
2025-05-10T18:02:36.658+02:00 DEBUG 1448 --- [ProyectoFInal] [           main] o.s.b.f.s.DefaultListableBeanFactory     : Autowiring by type from bean name 'reservaController' via constructor to bean named 'vehiculoService'
2025-05-10T18:02:36.659+02:00 DEBUG 1448 --- [ProyectoFInal] [           main] o.s.b.f.s.DefaultListableBeanFactory     : Creating shared instance of singleton bean 'userController'
2025-05-10T18:02:36.659+02:00 DEBUG 1448 --- [ProyectoFInal] [           main] o.s.b.f.s.DefaultListableBeanFactory     : Creating shared instance of singleton bean 'vehiculoController'
2025-05-10T18:02:36.663+02:00 DEBUG 1448 --- [ProyectoFInal] [           main] o.s.b.f.s.DefaultListableBeanFactory     : Creating shared instance of singleton bean 'reservaCleanupScheduler'
2025-05-10T18:02:36.678+02:00 DEBUG 1448 --- [ProyectoFInal] [           main] o.s.b.f.s.DefaultListableBeanFactory     : Creating shared instance of singleton bean 'org.springframework.security.config.annotation.configuration.ObjectPostProcessorConfiguration'
2025-05-10T18:02:36.679+02:00 DEBUG 1448 --- [ProyectoFInal] [           main] o.s.b.f.s.DefaultListableBeanFactory     : Creating shared instance of singleton bean 'objectPostProcessor'
2025-05-10T18:02:36.680+02:00 DEBUG 1448 --- [ProyectoFInal] [           main] o.s.b.f.s.DefaultListableBeanFactory     : Autowiring by type from bean name 'objectPostProcessor' via factory method to bean named 'org.springframework.beans.factory.support.DefaultListableBeanFactory@39ab59f8'
2025-05-10T18:02:36.682+02:00 DEBUG 1448 --- [ProyectoFInal] [           main] o.s.b.f.s.DefaultListableBeanFactory     : Creating shared instance of singleton bean 'org.springframework.security.config.annotation.authentication.configuration.AuthenticationConfiguration'
2025-05-10T18:02:36.685+02:00 DEBUG 1448 --- [ProyectoFInal] [           main] o.s.b.f.s.DefaultListableBeanFactory     : Creating shared instance of singleton bean 'enableGlobalAuthenticationAutowiredConfigurer'
2025-05-10T18:02:36.686+02:00 DEBUG 1448 --- [ProyectoFInal] [           main] o.s.b.f.s.DefaultListableBeanFactory     : Autowiring by type from bean name 'enableGlobalAuthenticationAutowiredConfigurer' via factory method to bean named 'org.springframework.web.context.support.GenericWebApplicationContext@547e29a4'
2025-05-10T18:02:36.688+02:00 DEBUG 1448 --- [ProyectoFInal] [           main] o.s.b.f.s.DefaultListableBeanFactory     : Creating shared instance of singleton bean 'initializeUserDetailsBeanManagerConfigurer'
2025-05-10T18:02:36.688+02:00 DEBUG 1448 --- [ProyectoFInal] [           main] o.s.b.f.s.DefaultListableBeanFactory     : Autowiring by type from bean name 'initializeUserDetailsBeanManagerConfigurer' via factory method to bean named 'org.springframework.web.context.support.GenericWebApplicationContext@547e29a4'
2025-05-10T18:02:36.689+02:00 DEBUG 1448 --- [ProyectoFInal] [           main] o.s.b.f.s.DefaultListableBeanFactory     : Creating shared instance of singleton bean 'initializeAuthenticationProviderBeanManagerConfigurer'
2025-05-10T18:02:36.690+02:00 DEBUG 1448 --- [ProyectoFInal] [           main] o.s.b.f.s.DefaultListableBeanFactory     : Autowiring by type from bean name 'initializeAuthenticationProviderBeanManagerConfigurer' via factory method to bean named 'org.springframework.web.context.support.GenericWebApplicationContext@547e29a4'
2025-05-10T18:02:36.692+02:00 DEBUG 1448 --- [ProyectoFInal] [           main] o.s.b.f.s.DefaultListableBeanFactory     : Creating shared instance of singleton bean 'authenticationManagerBuilder'
2025-05-10T18:02:36.693+02:00 DEBUG 1448 --- [ProyectoFInal] [           main] o.s.b.f.s.DefaultListableBeanFactory     : Autowiring by type from bean name 'authenticationManagerBuilder' via factory method to bean named 'objectPostProcessor'
2025-05-10T18:02:36.693+02:00 DEBUG 1448 --- [ProyectoFInal] [           main] o.s.b.f.s.DefaultListableBeanFactory     : Autowiring by type from bean name 'authenticationManagerBuilder' via factory method to bean named 'org.springframework.web.context.support.GenericWebApplicationContext@547e29a4'
2025-05-10T18:02:36.695+02:00 DEBUG 1448 --- [ProyectoFInal] [           main] o.s.b.f.s.DefaultListableBeanFactory     : Creating shared instance of singleton bean 'authenticationEventPublisher'
2025-05-10T18:02:36.695+02:00 DEBUG 1448 --- [ProyectoFInal] [           main] o.s.b.f.s.DefaultListableBeanFactory     : Creating shared instance of singleton bean 'org.springframework.boot.autoconfigure.security.servlet.SecurityAutoConfiguration'
2025-05-10T18:02:36.696+02:00 DEBUG 1448 --- [ProyectoFInal] [           main] o.s.b.f.s.DefaultListableBeanFactory     : Autowiring by type from bean name 'authenticationEventPublisher' via factory method to bean named 'org.springframework.web.context.support.GenericWebApplicationContext@547e29a4'
2025-05-10T18:02:36.708+02:00 DEBUG 1448 --- [ProyectoFInal] [           main] o.s.b.f.s.DefaultListableBeanFactory     : Creating shared instance of singleton bean 'org.springframework.security.config.annotation.web.configuration.WebSecurityConfiguration'
2025-05-10T18:02:36.710+02:00 DEBUG 1448 --- [ProyectoFInal] [           main] o.s.b.f.s.DefaultListableBeanFactory     : Creating shared instance of singleton bean 'org.springframework.security.config.annotation.web.configuration.HttpSecurityConfiguration'
2025-05-10T18:02:36.715+02:00 DEBUG 1448 --- [ProyectoFInal] [           main] o.s.b.f.s.DefaultListableBeanFactory     : Creating shared instance of singleton bean 'mvcContentNegotiationManager'
2025-05-10T18:02:36.715+02:00 DEBUG 1448 --- [ProyectoFInal] [           main] o.s.b.f.s.DefaultListableBeanFactory     : Creating shared instance of singleton bean 'org.springframework.boot.autoconfigure.web.servlet.WebMvcAutoConfiguration$EnableWebMvcConfiguration'
2025-05-10T18:02:36.715+02:00 DEBUG 1448 --- [ProyectoFInal] [           main] o.s.b.f.s.DefaultListableBeanFactory     : Creating shared instance of singleton bean 'spring.mvc-org.springframework.boot.autoconfigure.web.servlet.WebMvcProperties'
2025-05-10T18:02:36.720+02:00 DEBUG 1448 --- [ProyectoFInal] [           main] o.s.b.f.s.DefaultListableBeanFactory     : Creating shared instance of singleton bean 'spring.web-org.springframework.boot.autoconfigure.web.WebProperties'
2025-05-10T18:02:36.724+02:00 DEBUG 1448 --- [ProyectoFInal] [           main] o.s.b.f.s.DefaultListableBeanFactory     : Autowiring by type from bean name 'org.springframework.boot.autoconfigure.web.servlet.WebMvcAutoConfiguration$EnableWebMvcConfiguration' via constructor to bean named 'spring.mvc-org.springframework.boot.autoconfigure.web.servlet.WebMvcProperties'
2025-05-10T18:02:36.724+02:00 DEBUG 1448 --- [ProyectoFInal] [           main] o.s.b.f.s.DefaultListableBeanFactory     : Autowiring by type from bean name 'org.springframework.boot.autoconfigure.web.servlet.WebMvcAutoConfiguration$EnableWebMvcConfiguration' via constructor to bean named 'spring.web-org.springframework.boot.autoconfigure.web.WebProperties'
2025-05-10T18:02:36.724+02:00 DEBUG 1448 --- [ProyectoFInal] [           main] o.s.b.f.s.DefaultListableBeanFactory     : Autowiring by type from bean name 'org.springframework.boot.autoconfigure.web.servlet.WebMvcAutoConfiguration$EnableWebMvcConfiguration' via constructor to bean named 'org.springframework.beans.factory.support.DefaultListableBeanFactory@39ab59f8'
2025-05-10T18:02:36.730+02:00 DEBUG 1448 --- [ProyectoFInal] [           main] o.s.b.f.s.DefaultListableBeanFactory     : Creating shared instance of singleton bean 'org.springframework.security.config.annotation.web.configuration.WebMvcSecurityConfiguration'
2025-05-10T18:02:36.731+02:00 DEBUG 1448 --- [ProyectoFInal] [           main] o.s.b.f.s.DefaultListableBeanFactory     : Creating shared instance of singleton bean 'org.springframework.security.config.annotation.web.configuration.OAuth2ClientConfiguration$OAuth2ClientWebMvcSecurityConfiguration'
2025-05-10T18:02:36.732+02:00 DEBUG 1448 --- [ProyectoFInal] [           main] o.s.b.f.s.DefaultListableBeanFactory     : Autowiring by type from bean name 'org.springframework.security.config.annotation.web.configuration.OAuth2ClientConfiguration$OAuth2ClientWebMvcSecurityConfiguration' via constructor to bean named 'authorizedClientManagerRegistrar'
2025-05-10T18:02:36.733+02:00 DEBUG 1448 --- [ProyectoFInal] [           main] o.s.b.f.s.DefaultListableBeanFactory     : Creating shared instance of singleton bean 'OAuth2AuthorizedClientManager'
2025-05-10T18:02:36.734+02:00 DEBUG 1448 --- [ProyectoFInal] [           main] o.s.b.f.s.DefaultListableBeanFactory     : Creating shared instance of singleton bean 'clientRegistrationRepository'
2025-05-10T18:02:36.734+02:00 DEBUG 1448 --- [ProyectoFInal] [           main] o.s.b.f.s.DefaultListableBeanFactory     : Creating shared instance of singleton bean 'org.springframework.boot.autoconfigure.security.oauth2.client.servlet.OAuth2ClientRegistrationRepositoryConfiguration'
2025-05-10T18:02:36.735+02:00 DEBUG 1448 --- [ProyectoFInal] [           main] o.s.b.f.s.DefaultListableBeanFactory     : Creating shared instance of singleton bean 'spring.security.oauth2.client-org.springframework.boot.autoconfigure.security.oauth2.client.OAuth2ClientProperties'
2025-05-10T18:02:36.742+02:00 DEBUG 1448 --- [ProyectoFInal] [           main] o.s.b.f.s.DefaultListableBeanFactory     : Autowiring by type from bean name 'clientRegistrationRepository' via factory method to bean named 'spring.security.oauth2.client-org.springframework.boot.autoconfigure.security.oauth2.client.OAuth2ClientProperties'
2025-05-10T18:02:36.759+02:00 DEBUG 1448 --- [ProyectoFInal] [           main] o.s.b.f.s.DefaultListableBeanFactory     : Creating shared instance of singleton bean 'authorizedClientRepository'
2025-05-10T18:02:36.759+02:00 DEBUG 1448 --- [ProyectoFInal] [           main] o.s.b.f.s.DefaultListableBeanFactory     : Creating shared instance of singleton bean 'org.springframework.boot.autoconfigure.security.oauth2.client.servlet.OAuth2WebSecurityConfiguration'
2025-05-10T18:02:36.760+02:00 DEBUG 1448 --- [ProyectoFInal] [           main] o.s.b.f.s.DefaultListableBeanFactory     : Creating shared instance of singleton bean 'authorizedClientService'
2025-05-10T18:02:36.760+02:00 DEBUG 1448 --- [ProyectoFInal] [           main] o.s.b.f.s.DefaultListableBeanFactory     : Autowiring by type from bean name 'authorizedClientService' via factory method to bean named 'clientRegistrationRepository'
2025-05-10T18:02:36.761+02:00 DEBUG 1448 --- [ProyectoFInal] [           main] o.s.b.f.s.DefaultListableBeanFactory     : Autowiring by type from bean name 'authorizedClientRepository' via factory method to bean named 'authorizedClientService'
2025-05-10T18:02:36.796+02:00 DEBUG 1448 --- [ProyectoFInal] [           main] o.s.b.f.s.DefaultListableBeanFactory     : Creating shared instance of singleton bean 'org.springframework.boot.autoconfigure.web.servlet.WebMvcAutoConfiguration$WebMvcAutoConfigurationAdapter'
2025-05-10T18:02:36.796+02:00 DEBUG 1448 --- [ProyectoFInal] [           main] o.s.b.f.s.DefaultListableBeanFactory     : Autowiring by type from bean name 'org.springframework.boot.autoconfigure.web.servlet.WebMvcAutoConfiguration$WebMvcAutoConfigurationAdapter' via constructor to bean named 'spring.web-org.springframework.boot.autoconfigure.web.WebProperties'
2025-05-10T18:02:36.796+02:00 DEBUG 1448 --- [ProyectoFInal] [           main] o.s.b.f.s.DefaultListableBeanFactory     : Autowiring by type from bean name 'org.springframework.boot.autoconfigure.web.servlet.WebMvcAutoConfiguration$WebMvcAutoConfigurationAdapter' via constructor to bean named 'spring.mvc-org.springframework.boot.autoconfigure.web.servlet.WebMvcProperties'
2025-05-10T18:02:36.797+02:00 DEBUG 1448 --- [ProyectoFInal] [           main] o.s.b.f.s.DefaultListableBeanFactory     : Autowiring by type from bean name 'org.springframework.boot.autoconfigure.web.servlet.WebMvcAutoConfiguration$WebMvcAutoConfigurationAdapter' via constructor to bean named 'org.springframework.beans.factory.support.DefaultListableBeanFactory@39ab59f8'
2025-05-10T18:02:36.800+02:00 DEBUG 1448 --- [ProyectoFInal] [           main] o.s.b.f.s.DefaultListableBeanFactory     : Creating shared instance of singleton bean 'openEntityManagerInViewInterceptorConfigurer'
2025-05-10T18:02:36.800+02:00 DEBUG 1448 --- [ProyectoFInal] [           main] o.s.b.f.s.DefaultListableBeanFactory     : Creating shared instance of singleton bean 'org.springframework.boot.autoconfigure.orm.jpa.JpaBaseConfiguration$JpaWebConfiguration'
2025-05-10T18:02:36.801+02:00 DEBUG 1448 --- [ProyectoFInal] [           main] o.s.b.f.s.DefaultListableBeanFactory     : Autowiring by type from bean name 'org.springframework.boot.autoconfigure.orm.jpa.JpaBaseConfiguration$JpaWebConfiguration' via constructor to bean named 'spring.jpa-org.springframework.boot.autoconfigure.orm.jpa.JpaProperties'
2025-05-10T18:02:36.802+02:00 DEBUG 1448 --- [ProyectoFInal] [           main] o.s.b.f.s.DefaultListableBeanFactory     : Creating shared instance of singleton bean 'openEntityManagerInViewInterceptor'
2025-05-10T18:02:36.802+02:00  WARN 1448 --- [ProyectoFInal] [           main] JpaBaseConfiguration$JpaWebConfiguration : spring.jpa.open-in-view is enabled by default. Therefore, database queries may be performed during view rendering. Explicitly configure spring.jpa.open-in-view to disable this warning
2025-05-10T18:02:36.805+02:00 DEBUG 1448 --- [ProyectoFInal] [           main] o.s.b.f.s.DefaultListableBeanFactory     : Autowiring by type from bean name 'openEntityManagerInViewInterceptorConfigurer' via factory method to bean named 'openEntityManagerInViewInterceptor'
2025-05-10T18:02:36.806+02:00 DEBUG 1448 --- [ProyectoFInal] [           main] o.s.b.f.s.DefaultListableBeanFactory     : Creating shared instance of singleton bean 'org.springframework.data.web.config.SpringDataWebConfiguration'
2025-05-10T18:02:36.807+02:00 DEBUG 1448 --- [ProyectoFInal] [           main] o.s.b.f.s.DefaultListableBeanFactory     : Autowiring by type from bean name 'org.springframework.data.web.config.SpringDataWebConfiguration' via constructor to bean named 'org.springframework.web.context.support.GenericWebApplicationContext@547e29a4'
2025-05-10T18:02:36.818+02:00 DEBUG 1448 --- [ProyectoFInal] [           main] o.s.b.f.s.DefaultListableBeanFactory     : Creating shared instance of singleton bean 'authenticationProvider'
2025-05-10T18:02:36.828+02:00 DEBUG 1448 --- [ProyectoFInal] [           main] o.s.b.f.s.DefaultListableBeanFactory     : Creating shared instance of singleton bean 'userDetailsService'
2025-05-10T18:02:36.830+02:00  INFO 1448 --- [ProyectoFInal] [           main] eAuthenticationProviderManagerConfigurer : Global AuthenticationManager configured with AuthenticationProvider bean with name authenticationProvider
2025-05-10T18:02:36.831+02:00  WARN 1448 --- [ProyectoFInal] [           main] r$InitializeUserDetailsManagerConfigurer : Global AuthenticationManager configured with an AuthenticationProvider bean. UserDetailsService beans will not be used by Spring Security for automatically configuring username/password login. Consider removing the AuthenticationProvider bean. Alternatively, consider using the UserDetailsService in a manually instantiated DaoAuthenticationProvider. If the current configuration is intentional, to turn off this warning, increase the logging level of 'org.springframework.security.config.annotation.authentication.configuration.InitializeUserDetailsBeanManagerConfigurer' to ERROR
2025-05-10T18:02:36.886+02:00 DEBUG 1448 --- [ProyectoFInal] [           main] o.s.b.f.s.DefaultListableBeanFactory     : Creating shared instance of singleton bean 'filterChainDecoratorPostProcessor'
2025-05-10T18:02:36.888+02:00 DEBUG 1448 --- [ProyectoFInal] [           main] o.s.b.f.s.DefaultListableBeanFactory     : Creating shared instance of singleton bean 'mvcHandlerMappingIntrospectorRequestTransformer'
2025-05-10T18:02:36.889+02:00 DEBUG 1448 --- [ProyectoFInal] [           main] o.s.b.f.s.DefaultListableBeanFactory     : Creating shared instance of singleton bean 'mvcHandlerMappingIntrospector'
2025-05-10T18:02:36.895+02:00 DEBUG 1448 --- [ProyectoFInal] [           main] o.s.b.f.s.DefaultListableBeanFactory     : Creating shared instance of singleton bean 'welcomePageHandlerMapping'
2025-05-10T18:02:36.895+02:00 DEBUG 1448 --- [ProyectoFInal] [           main] o.s.b.f.s.DefaultListableBeanFactory     : Creating shared instance of singleton bean 'mvcConversionService'
2025-05-10T18:02:36.904+02:00 DEBUG 1448 --- [ProyectoFInal] [           main] o.s.b.f.s.DefaultListableBeanFactory     : Creating shared instance of singleton bean 'mvcResourceUrlProvider'
2025-05-10T18:02:36.906+02:00 DEBUG 1448 --- [ProyectoFInal] [           main] o.s.b.f.s.DefaultListableBeanFactory     : Autowiring by type from bean name 'welcomePageHandlerMapping' via factory method to bean named 'org.springframework.web.context.support.GenericWebApplicationContext@547e29a4'
2025-05-10T18:02:36.906+02:00 DEBUG 1448 --- [ProyectoFInal] [           main] o.s.b.f.s.DefaultListableBeanFactory     : Autowiring by type from bean name 'welcomePageHandlerMapping' via factory method to bean named 'mvcConversionService'
2025-05-10T18:02:36.906+02:00 DEBUG 1448 --- [ProyectoFInal] [           main] o.s.b.f.s.DefaultListableBeanFactory     : Autowiring by type from bean name 'welcomePageHandlerMapping' via factory method to bean named 'mvcResourceUrlProvider'
2025-05-10T18:02:36.926+02:00 DEBUG 1448 --- [ProyectoFInal] [           main] o.s.b.f.s.DefaultListableBeanFactory     : Creating shared instance of singleton bean 'welcomePageNotAcceptableHandlerMapping'
2025-05-10T18:02:36.927+02:00 DEBUG 1448 --- [ProyectoFInal] [           main] o.s.b.f.s.DefaultListableBeanFactory     : Autowiring by type from bean name 'welcomePageNotAcceptableHandlerMapping' via factory method to bean named 'org.springframework.web.context.support.GenericWebApplicationContext@547e29a4'
2025-05-10T18:02:36.927+02:00 DEBUG 1448 --- [ProyectoFInal] [           main] o.s.b.f.s.DefaultListableBeanFactory     : Autowiring by type from bean name 'welcomePageNotAcceptableHandlerMapping' via factory method to bean named 'mvcConversionService'
2025-05-10T18:02:36.927+02:00 DEBUG 1448 --- [ProyectoFInal] [           main] o.s.b.f.s.DefaultListableBeanFactory     : Autowiring by type from bean name 'welcomePageNotAcceptableHandlerMapping' via factory method to bean named 'mvcResourceUrlProvider'
2025-05-10T18:02:36.932+02:00 DEBUG 1448 --- [ProyectoFInal] [           main] o.s.b.f.s.DefaultListableBeanFactory     : Creating shared instance of singleton bean 'requestMappingHandlerMapping'
2025-05-10T18:02:36.934+02:00 DEBUG 1448 --- [ProyectoFInal] [           main] o.s.b.f.s.DefaultListableBeanFactory     : Autowiring by type from bean name 'requestMappingHandlerMapping' via factory method to bean named 'mvcContentNegotiationManager'
2025-05-10T18:02:36.934+02:00 DEBUG 1448 --- [ProyectoFInal] [           main] o.s.b.f.s.DefaultListableBeanFactory     : Autowiring by type from bean name 'requestMappingHandlerMapping' via factory method to bean named 'mvcConversionService'
2025-05-10T18:02:36.934+02:00 DEBUG 1448 --- [ProyectoFInal] [           main] o.s.b.f.s.DefaultListableBeanFactory     : Autowiring by type from bean name 'requestMappingHandlerMapping' via factory method to bean named 'mvcResourceUrlProvider'
2025-05-10T18:02:37.004+02:00 DEBUG 1448 --- [ProyectoFInal] [           main] s.w.s.m.m.a.RequestMappingHandlerMapping : 20 mappings in 'requestMappingHandlerMapping'
2025-05-10T18:02:37.007+02:00 DEBUG 1448 --- [ProyectoFInal] [           main] o.s.b.f.s.DefaultListableBeanFactory     : Creating shared instance of singleton bean 'viewControllerHandlerMapping'
2025-05-10T18:02:37.008+02:00 DEBUG 1448 --- [ProyectoFInal] [           main] o.s.b.f.s.DefaultListableBeanFactory     : Autowiring by type from bean name 'viewControllerHandlerMapping' via factory method to bean named 'mvcConversionService'
2025-05-10T18:02:37.008+02:00 DEBUG 1448 --- [ProyectoFInal] [           main] o.s.b.f.s.DefaultListableBeanFactory     : Autowiring by type from bean name 'viewControllerHandlerMapping' via factory method to bean named 'mvcResourceUrlProvider'
2025-05-10T18:02:37.008+02:00 DEBUG 1448 --- [ProyectoFInal] [           main] o.s.b.f.s.DefaultListableBeanFactory     : Creating shared instance of singleton bean 'beanNameHandlerMapping'
2025-05-10T18:02:37.009+02:00 DEBUG 1448 --- [ProyectoFInal] [           main] o.s.b.f.s.DefaultListableBeanFactory     : Autowiring by type from bean name 'beanNameHandlerMapping' via factory method to bean named 'mvcConversionService'
2025-05-10T18:02:37.009+02:00 DEBUG 1448 --- [ProyectoFInal] [           main] o.s.b.f.s.DefaultListableBeanFactory     : Autowiring by type from bean name 'beanNameHandlerMapping' via factory method to bean named 'mvcResourceUrlProvider'
2025-05-10T18:02:37.012+02:00 DEBUG 1448 --- [ProyectoFInal] [           main] o.s.b.f.s.DefaultListableBeanFactory     : Creating shared instance of singleton bean 'routerFunctionMapping'
2025-05-10T18:02:37.013+02:00 DEBUG 1448 --- [ProyectoFInal] [           main] o.s.b.f.s.DefaultListableBeanFactory     : Autowiring by type from bean name 'routerFunctionMapping' via factory method to bean named 'mvcConversionService'
2025-05-10T18:02:37.013+02:00 DEBUG 1448 --- [ProyectoFInal] [           main] o.s.b.f.s.DefaultListableBeanFactory     : Autowiring by type from bean name 'routerFunctionMapping' via factory method to bean named 'mvcResourceUrlProvider'
2025-05-10T18:02:37.014+02:00 DEBUG 1448 --- [ProyectoFInal] [           main] o.s.b.f.s.DefaultListableBeanFactory     : Creating shared instance of singleton bean 'messageConverters'
2025-05-10T18:02:37.014+02:00 DEBUG 1448 --- [ProyectoFInal] [           main] o.s.b.f.s.DefaultListableBeanFactory     : Creating shared instance of singleton bean 'org.springframework.boot.autoconfigure.http.HttpMessageConvertersAutoConfiguration'
2025-05-10T18:02:37.016+02:00 DEBUG 1448 --- [ProyectoFInal] [           main] o.s.b.f.s.DefaultListableBeanFactory     : Creating shared instance of singleton bean 'stringHttpMessageConverter'
2025-05-10T18:02:37.016+02:00 DEBUG 1448 --- [ProyectoFInal] [           main] o.s.b.f.s.DefaultListableBeanFactory     : Creating shared instance of singleton bean 'org.springframework.boot.autoconfigure.http.HttpMessageConvertersAutoConfiguration$StringHttpMessageConverterConfiguration'
2025-05-10T18:02:37.017+02:00 DEBUG 1448 --- [ProyectoFInal] [           main] o.s.b.f.s.DefaultListableBeanFactory     : Autowiring by type from bean name 'stringHttpMessageConverter' via factory method to bean named 'environment'
2025-05-10T18:02:37.021+02:00 DEBUG 1448 --- [ProyectoFInal] [           main] o.s.b.f.s.DefaultListableBeanFactory     : Creating shared instance of singleton bean 'mappingJackson2HttpMessageConverter'
2025-05-10T18:02:37.021+02:00 DEBUG 1448 --- [ProyectoFInal] [           main] o.s.b.f.s.DefaultListableBeanFactory     : Creating shared instance of singleton bean 'org.springframework.boot.autoconfigure.http.JacksonHttpMessageConvertersConfiguration$MappingJackson2HttpMessageConverterConfiguration'
2025-05-10T18:02:37.022+02:00 DEBUG 1448 --- [ProyectoFInal] [           main] o.s.b.f.s.DefaultListableBeanFactory     : Creating shared instance of singleton bean 'jacksonObjectMapper'
2025-05-10T18:02:37.022+02:00 DEBUG 1448 --- [ProyectoFInal] [           main] o.s.b.f.s.DefaultListableBeanFactory     : Creating shared instance of singleton bean 'org.springframework.boot.autoconfigure.jackson.JacksonAutoConfiguration$JacksonObjectMapperConfiguration'
2025-05-10T18:02:37.023+02:00 DEBUG 1448 --- [ProyectoFInal] [           main] o.s.b.f.s.DefaultListableBeanFactory     : Creating shared instance of singleton bean 'org.springframework.boot.autoconfigure.jackson.JacksonAutoConfiguration$JacksonObjectMapperBuilderConfiguration'
2025-05-10T18:02:37.024+02:00 DEBUG 1448 --- [ProyectoFInal] [           main] o.s.b.f.s.DefaultListableBeanFactory     : Creating shared instance of singleton bean 'standardJacksonObjectMapperBuilderCustomizer'
2025-05-10T18:02:37.024+02:00 DEBUG 1448 --- [ProyectoFInal] [           main] o.s.b.f.s.DefaultListableBeanFactory     : Creating shared instance of singleton bean 'org.springframework.boot.autoconfigure.jackson.JacksonAutoConfiguration$Jackson2ObjectMapperBuilderCustomizerConfiguration'
2025-05-10T18:02:37.024+02:00 DEBUG 1448 --- [ProyectoFInal] [           main] o.s.b.f.s.DefaultListableBeanFactory     : Creating shared instance of singleton bean 'spring.jackson-org.springframework.boot.autoconfigure.jackson.JacksonProperties'
2025-05-10T18:02:37.026+02:00 DEBUG 1448 --- [ProyectoFInal] [           main] o.s.b.f.s.DefaultListableBeanFactory     : Autowiring by type from bean name 'standardJacksonObjectMapperBuilderCustomizer' via factory method to bean named 'spring.jackson-org.springframework.boot.autoconfigure.jackson.JacksonProperties'
2025-05-10T18:02:37.028+02:00 DEBUG 1448 --- [ProyectoFInal] [           main] o.s.b.f.s.DefaultListableBeanFactory     : Creating shared instance of singleton bean 'parameterNamesModule'
2025-05-10T18:02:37.028+02:00 DEBUG 1448 --- [ProyectoFInal] [           main] o.s.b.f.s.DefaultListableBeanFactory     : Creating shared instance of singleton bean 'org.springframework.boot.autoconfigure.jackson.JacksonAutoConfiguration$ParameterNamesModuleConfiguration'
2025-05-10T18:02:37.034+02:00 DEBUG 1448 --- [ProyectoFInal] [           main] o.s.b.f.s.DefaultListableBeanFactory     : Creating shared instance of singleton bean 'jsonMixinModule'
2025-05-10T18:02:37.034+02:00 DEBUG 1448 --- [ProyectoFInal] [           main] o.s.b.f.s.DefaultListableBeanFactory     : Creating shared instance of singleton bean 'org.springframework.boot.autoconfigure.jackson.JacksonAutoConfiguration$JacksonMixinConfiguration'
2025-05-10T18:02:37.035+02:00 DEBUG 1448 --- [ProyectoFInal] [           main] o.s.b.f.s.DefaultListableBeanFactory     : Creating shared instance of singleton bean 'jsonMixinModuleEntries'
2025-05-10T18:02:37.035+02:00 DEBUG 1448 --- [ProyectoFInal] [           main] o.s.b.f.s.DefaultListableBeanFactory     : Autowiring by type from bean name 'jsonMixinModuleEntries' via factory method to bean named 'org.springframework.web.context.support.GenericWebApplicationContext@547e29a4'
2025-05-10T18:02:37.041+02:00 DEBUG 1448 --- [ProyectoFInal] [           main] o.s.b.f.s.DefaultListableBeanFactory     : Autowiring by type from bean name 'jsonMixinModule' via factory method to bean named 'org.springframework.web.context.support.GenericWebApplicationContext@547e29a4'
2025-05-10T18:02:37.041+02:00 DEBUG 1448 --- [ProyectoFInal] [           main] o.s.b.f.s.DefaultListableBeanFactory     : Autowiring by type from bean name 'jsonMixinModule' via factory method to bean named 'jsonMixinModuleEntries'
2025-05-10T18:02:37.043+02:00 DEBUG 1448 --- [ProyectoFInal] [           main] o.s.b.f.s.DefaultListableBeanFactory     : Creating shared instance of singleton bean 'jsonComponentModule'
2025-05-10T18:02:37.043+02:00 DEBUG 1448 --- [ProyectoFInal] [           main] o.s.b.f.s.DefaultListableBeanFactory     : Creating shared instance of singleton bean 'org.springframework.boot.autoconfigure.jackson.JacksonAutoConfiguration'
2025-05-10T18:02:37.046+02:00 DEBUG 1448 --- [ProyectoFInal] [           main] o.s.b.f.s.DefaultListableBeanFactory     : Creating shared instance of singleton bean 'jacksonGeoModule'
2025-05-10T18:02:37.047+02:00 DEBUG 1448 --- [ProyectoFInal] [           main] o.s.b.f.s.DefaultListableBeanFactory     : Creating shared instance of singleton bean 'org.springframework.data.web.config.SpringDataJacksonConfiguration'
2025-05-10T18:02:37.047+02:00 DEBUG 1448 --- [ProyectoFInal] [           main] o.s.b.f.s.DefaultListableBeanFactory     : Creating shared instance of singleton bean 'springDataWebSettings'
2025-05-10T18:02:37.047+02:00 DEBUG 1448 --- [ProyectoFInal] [           main] o.s.b.f.s.DefaultListableBeanFactory     : Creating shared instance of singleton bean 'org.springframework.boot.autoconfigure.data.web.SpringDataWebAutoConfiguration'
2025-05-10T18:02:37.048+02:00 DEBUG 1448 --- [ProyectoFInal] [           main] o.s.b.f.s.DefaultListableBeanFactory     : Creating shared instance of singleton bean 'spring.data.web-org.springframework.boot.autoconfigure.data.web.SpringDataWebProperties'
2025-05-10T18:02:37.049+02:00 DEBUG 1448 --- [ProyectoFInal] [           main] o.s.b.f.s.DefaultListableBeanFactory     : Autowiring by type from bean name 'org.springframework.boot.autoconfigure.data.web.SpringDataWebAutoConfiguration' via constructor to bean named 'spring.data.web-org.springframework.boot.autoconfigure.data.web.SpringDataWebProperties'
2025-05-10T18:02:37.052+02:00 DEBUG 1448 --- [ProyectoFInal] [           main] o.s.b.f.s.DefaultListableBeanFactory     : Creating shared instance of singleton bean 'pageModule'
2025-05-10T18:02:37.054+02:00 DEBUG 1448 --- [ProyectoFInal] [           main] o.s.b.f.s.DefaultListableBeanFactory     : Autowiring by type from bean name 'jacksonObjectMapperBuilder' via factory method to bean named 'org.springframework.web.context.support.GenericWebApplicationContext@547e29a4'
2025-05-10T18:02:37.055+02:00 DEBUG 1448 --- [ProyectoFInal] [           main] o.s.b.f.s.DefaultListableBeanFactory     : Autowiring by type from bean name 'jacksonObjectMapperBuilder' via factory method to bean named 'standardJacksonObjectMapperBuilderCustomizer'
2025-05-10T18:02:37.057+02:00 DEBUG 1448 --- [ProyectoFInal] [           main] o.s.b.f.s.DefaultListableBeanFactory     : Autowiring by type from bean name 'jacksonObjectMapper' via factory method to bean named 'jacksonObjectMapperBuilder'
2025-05-10T18:02:37.068+02:00 DEBUG 1448 --- [ProyectoFInal] [           main] o.s.b.f.s.DefaultListableBeanFactory     : Autowiring by type from bean name 'mappingJackson2HttpMessageConverter' via factory method to bean named 'jacksonObjectMapper'
2025-05-10T18:02:37.110+02:00 DEBUG 1448 --- [ProyectoFInal] [           main] o.s.b.f.s.DefaultListableBeanFactory     : Creating shared instance of singleton bean 'resourceHandlerMapping'
2025-05-10T18:02:37.111+02:00 DEBUG 1448 --- [ProyectoFInal] [           main] o.s.b.f.s.DefaultListableBeanFactory     : Autowiring by type from bean name 'resourceHandlerMapping' via factory method to bean named 'mvcContentNegotiationManager'
2025-05-10T18:02:37.111+02:00 DEBUG 1448 --- [ProyectoFInal] [           main] o.s.b.f.s.DefaultListableBeanFactory     : Autowiring by type from bean name 'resourceHandlerMapping' via factory method to bean named 'mvcConversionService'
2025-05-10T18:02:37.111+02:00 DEBUG 1448 --- [ProyectoFInal] [           main] o.s.b.f.s.DefaultListableBeanFactory     : Autowiring by type from bean name 'resourceHandlerMapping' via factory method to bean named 'mvcResourceUrlProvider'
2025-05-10T18:02:37.123+02:00 DEBUG 1448 --- [ProyectoFInal] [           main] o.s.w.s.handler.SimpleUrlHandlerMapping  : Patterns [/webjars/**, /**] in 'resourceHandlerMapping'
2025-05-10T18:02:37.125+02:00 DEBUG 1448 --- [ProyectoFInal] [           main] o.s.b.f.s.DefaultListableBeanFactory     : Creating shared instance of singleton bean 'defaultServletHandlerMapping'
2025-05-10T18:02:37.132+02:00 DEBUG 1448 --- [ProyectoFInal] [           main] o.s.b.f.s.DefaultListableBeanFactory     : Creating shared instance of singleton bean 'securityFilterChain'
2025-05-10T18:02:37.133+02:00 DEBUG 1448 --- [ProyectoFInal] [           main] o.s.b.f.s.DefaultListableBeanFactory     : Autowiring by type from bean name 'securityFilterChain' via factory method to bean named 'org.springframework.security.config.annotation.web.configuration.HttpSecurityConfiguration.httpSecurity'
2025-05-10T18:02:37.139+02:00 DEBUG 1448 --- [ProyectoFInal] [           main] o.s.b.f.s.DefaultListableBeanFactory     : Creating shared instance of singleton bean 'webAuthorizationManagerPostProcessor'
2025-05-10T18:02:37.163+02:00 DEBUG 1448 --- [ProyectoFInal] [           main] o.s.b.f.s.DefaultListableBeanFactory     : Creating shared instance of singleton bean 'oauthSuccessHandler'
2025-05-10T18:02:37.194+02:00 DEBUG 1448 --- [ProyectoFInal] [           main] o.s.b.f.s.DefaultListableBeanFactory     : Creating shared instance of singleton bean 'authenticationManagerPostProcessor'
2025-05-10T18:02:37.213+02:00 DEBUG 1448 --- [ProyectoFInal] [           main] o.s.s.web.DefaultSecurityFilterChain     : Will secure any request with filters: DisableEncodeUrlFilter, WebAsyncManagerIntegrationFilter, SecurityContextHolderFilter, HeaderWriterFilter, CsrfFilter, LogoutFilter, OAuth2AuthorizationRequestRedirectFilter, OAuth2LoginAuthenticationFilter, UsernamePasswordAuthenticationFilter, RequestCacheAwareFilter, SecurityContextHolderAwareRequestFilter, AnonymousAuthenticationFilter, ExceptionTranslationFilter, AuthorizationFilter
2025-05-10T18:02:37.214+02:00 DEBUG 1448 --- [ProyectoFInal] [           main] o.s.b.f.s.DefaultListableBeanFactory     : Creating shared instance of singleton bean 'delegatingApplicationListener'
2025-05-10T18:02:37.215+02:00 DEBUG 1448 --- [ProyectoFInal] [           main] o.s.b.f.s.DefaultListableBeanFactory     : Creating shared instance of singleton bean 'springSecurityFilterChain'
2025-05-10T18:02:37.234+02:00 DEBUG 1448 --- [ProyectoFInal] [           main] o.s.b.f.s.DefaultListableBeanFactory     : Creating shared instance of singleton bean 'webSecurityExpressionHandler'
2025-05-10T18:02:37.235+02:00 DEBUG 1448 --- [ProyectoFInal] [           main] o.s.b.f.s.DefaultListableBeanFactory     : Creating shared instance of singleton bean 'privilegeEvaluator'
2025-05-10T18:02:37.235+02:00 DEBUG 1448 --- [ProyectoFInal] [           main] o.s.b.f.s.DefaultListableBeanFactory     : Creating shared instance of singleton bean 'requestDataValueProcessor'
2025-05-10T18:02:37.236+02:00 DEBUG 1448 --- [ProyectoFInal] [           main] o.s.b.f.s.DefaultListableBeanFactory     : Creating shared instance of singleton bean 'org.springframework.security.config.annotation.web.configuration.OAuth2ClientConfiguration'
2025-05-10T18:02:37.236+02:00 DEBUG 1448 --- [ProyectoFInal] [           main] o.s.b.f.s.DefaultListableBeanFactory     : Creating shared instance of singleton bean 'org.springframework.security.config.annotation.web.configuration.ObservationConfiguration'
2025-05-10T18:02:37.237+02:00 DEBUG 1448 --- [ProyectoFInal] [           main] o.s.b.f.s.DefaultListableBeanFactory     : Creating shared instance of singleton bean 'org.springframework.boot.autoconfigure.context.PropertyPlaceholderAutoConfiguration'
2025-05-10T18:02:37.237+02:00 DEBUG 1448 --- [ProyectoFInal] [           main] o.s.b.f.s.DefaultListableBeanFactory     : Creating shared instance of singleton bean 'org.springframework.boot.autoconfigure.ssl.SslAutoConfiguration'
2025-05-10T18:02:37.237+02:00 DEBUG 1448 --- [ProyectoFInal] [           main] o.s.b.f.s.DefaultListableBeanFactory     : Creating shared instance of singleton bean 'spring.ssl-org.springframework.boot.autoconfigure.ssl.SslProperties'
2025-05-10T18:02:37.239+02:00 DEBUG 1448 --- [ProyectoFInal] [           main] o.s.b.f.s.DefaultListableBeanFactory     : Autowiring by type from bean name 'org.springframework.boot.autoconfigure.ssl.SslAutoConfiguration' via constructor to bean named 'org.springframework.web.context.support.GenericWebApplicationContext@547e29a4'
2025-05-10T18:02:37.239+02:00 DEBUG 1448 --- [ProyectoFInal] [           main] o.s.b.f.s.DefaultListableBeanFactory     : Autowiring by type from bean name 'org.springframework.boot.autoconfigure.ssl.SslAutoConfiguration' via constructor to bean named 'spring.ssl-org.springframework.boot.autoconfigure.ssl.SslProperties'
2025-05-10T18:02:37.240+02:00 DEBUG 1448 --- [ProyectoFInal] [           main] o.s.b.f.s.DefaultListableBeanFactory     : Creating shared instance of singleton bean 'fileWatcher'
2025-05-10T18:02:37.241+02:00 DEBUG 1448 --- [ProyectoFInal] [           main] o.s.b.f.s.DefaultListableBeanFactory     : Creating shared instance of singleton bean 'sslPropertiesSslBundleRegistrar'
2025-05-10T18:02:37.241+02:00 DEBUG 1448 --- [ProyectoFInal] [           main] o.s.b.f.s.DefaultListableBeanFactory     : Autowiring by type from bean name 'sslPropertiesSslBundleRegistrar' via factory method to bean named 'fileWatcher'
2025-05-10T18:02:37.243+02:00 DEBUG 1448 --- [ProyectoFInal] [           main] o.s.b.f.s.DefaultListableBeanFactory     : Creating shared instance of singleton bean 'sslBundleRegistry'
2025-05-10T18:02:37.247+02:00 DEBUG 1448 --- [ProyectoFInal] [           main] o.s.b.f.s.DefaultListableBeanFactory     : Creating shared instance of singleton bean 'org.springframework.boot.autoconfigure.websocket.servlet.WebSocketServletAutoConfiguration$TomcatWebSocketConfiguration'
2025-05-10T18:02:37.248+02:00 DEBUG 1448 --- [ProyectoFInal] [           main] o.s.b.f.s.DefaultListableBeanFactory     : Creating shared instance of singleton bean 'websocketServletWebServerCustomizer'
2025-05-10T18:02:37.249+02:00 DEBUG 1448 --- [ProyectoFInal] [           main] o.s.b.f.s.DefaultListableBeanFactory     : Creating shared instance of singleton bean 'org.springframework.boot.autoconfigure.websocket.servlet.WebSocketServletAutoConfiguration'
2025-05-10T18:02:37.250+02:00 DEBUG 1448 --- [ProyectoFInal] [           main] o.s.b.f.s.DefaultListableBeanFactory     : Creating shared instance of singleton bean 'org.springframework.boot.autoconfigure.web.servlet.ServletWebServerFactoryConfiguration$EmbeddedTomcat'
2025-05-10T18:02:37.250+02:00 DEBUG 1448 --- [ProyectoFInal] [           main] o.s.b.f.s.DefaultListableBeanFactory     : Creating shared instance of singleton bean 'tomcatServletWebServerFactory'
2025-05-10T18:02:37.276+02:00 DEBUG 1448 --- [ProyectoFInal] [           main] o.s.b.f.s.DefaultListableBeanFactory     : Creating shared instance of singleton bean 'servletWebServerFactoryCustomizer'
2025-05-10T18:02:37.277+02:00 DEBUG 1448 --- [ProyectoFInal] [           main] o.s.b.f.s.DefaultListableBeanFactory     : Creating shared instance of singleton bean 'org.springframework.boot.autoconfigure.web.servlet.ServletWebServerFactoryAutoConfiguration'
2025-05-10T18:02:37.277+02:00 DEBUG 1448 --- [ProyectoFInal] [           main] o.s.b.f.s.DefaultListableBeanFactory     : Creating shared instance of singleton bean 'server-org.springframework.boot.autoconfigure.web.ServerProperties'
2025-05-10T18:02:37.288+02:00 DEBUG 1448 --- [ProyectoFInal] [           main] o.s.b.f.s.DefaultListableBeanFactory     : Autowiring by type from bean name 'servletWebServerFactoryCustomizer' via factory method to bean named 'server-org.springframework.boot.autoconfigure.web.ServerProperties'
2025-05-10T18:02:37.291+02:00 DEBUG 1448 --- [ProyectoFInal] [           main] o.s.b.f.s.DefaultListableBeanFactory     : Creating shared instance of singleton bean 'tomcatServletWebServerFactoryCustomizer'
2025-05-10T18:02:37.291+02:00 DEBUG 1448 --- [ProyectoFInal] [           main] o.s.b.f.s.DefaultListableBeanFactory     : Autowiring by type from bean name 'tomcatServletWebServerFactoryCustomizer' via factory method to bean named 'server-org.springframework.boot.autoconfigure.web.ServerProperties'
2025-05-10T18:02:37.292+02:00 DEBUG 1448 --- [ProyectoFInal] [           main] o.s.b.f.s.DefaultListableBeanFactory     : Creating shared instance of singleton bean 'localeCharsetMappingsCustomizer'
[...]
      Matched:
         - @ConditionalOnClass found required class 'org.springframework.security.authentication.ReactiveAuthenticationManager' (OnClassCondition)

   ReactiveWebServerFactoryAutoConfiguration:
      Did not match:
         - @ConditionalOnWebApplication did not find reactive web application classes (OnWebApplicationCondition)

   ReactorAutoConfiguration:
      Did not match:
         - @ConditionalOnClass did not find required class 'reactor.core.publisher.Hooks' (OnClassCondition)

   RedisAutoConfiguration:
      Did not match:
         - @ConditionalOnClass did not find required class 'org.springframework.data.redis.core.RedisOperations' (OnClassCondition)

   RedisCacheConfiguration:
      Did not match:
         - @ConditionalOnClass did not find required class 'org.springframework.data.redis.connection.RedisConnectionFactory' (OnClassCondition)

   RedisReactiveAutoConfiguration:
      Did not match:
         - @ConditionalOnClass did not find required class 'reactor.core.publisher.Flux' (OnClassCondition)

   RedisRepositoriesAutoConfiguration:
      Did not match:
         - @ConditionalOnClass did not find required class 'org.springframework.data.redis.repository.configuration.EnableRedisRepositories' (OnClassCondition)

   RemoteDevToolsAutoConfiguration:
      Did not match:
         - @ConditionalOnProperty (spring.devtools.remote.secret) did not find property 'secret' (OnPropertyCondition)
      Matched:
         - @ConditionalOnClass found required classes 'jakarta.servlet.Filter', 'org.springframework.http.server.ServerHttpRequest' (OnClassCondition)

   RepositoryRestMvcAutoConfiguration:
      Did not match:
         - @ConditionalOnClass did not find required class 'org.springframework.data.rest.webmvc.config.RepositoryRestMvcConfiguration' (OnClassCondition)

   Saml2RelyingPartyAutoConfiguration:
      Did not match:
         - @ConditionalOnClass did not find required class 'org.springframework.security.saml2.provider.service.registration.RelyingPartyRegistrationRepository' (OnClassCondition)

   SecurityDataConfiguration:
      Did not match:
         - @ConditionalOnClass did not find required class 'org.springframework.security.data.repository.query.SecurityEvaluationContextExtension' (OnClassCondition)

   SendGridAutoConfiguration:
      Did not match:
         - @ConditionalOnClass did not find required class 'com.sendgrid.SendGrid' (OnClassCondition)

   ServletWebServerFactoryAutoConfiguration.ForwardedHeaderFilterConfiguration:
      Did not match:
         - @ConditionalOnProperty (server.forward-headers-strategy=framework) did not find property 'server.forward-headers-strategy' (OnPropertyCondition)

   ServletWebServerFactoryConfiguration.EmbeddedJetty:
      Did not match:
         - @ConditionalOnClass did not find required classes 'org.eclipse.jetty.server.Server', 'org.eclipse.jetty.util.Loader', 'org.eclipse.jetty.ee10.webapp.WebAppContext' (OnClassCondition)

   ServletWebServerFactoryConfiguration.EmbeddedUndertow:
      Did not match:
         - @ConditionalOnClass did not find required classes 'io.undertow.Undertow', 'org.xnio.SslClientAuthMode' (OnClassCondition)

   SessionAutoConfiguration:
      Did not match:
         - @ConditionalOnClass did not find required class 'org.springframework.session.Session' (OnClassCondition)

   SpringApplicationAdminJmxAutoConfiguration:
      Did not match:
         - @ConditionalOnProperty (spring.application.admin.enabled=true) did not find property 'enabled' (OnPropertyCondition)

   SpringBootWebSecurityConfiguration.SecurityFilterChainConfiguration:
      Did not match:
         - AllNestedConditions 1 matched 1 did not; NestedCondition on DefaultWebSecurityCondition.Beans @ConditionalOnMissingBean (types: org.springframework.security.web.SecurityFilterChain; SearchStrategy: all) found beans of type 'org.springframework.security.web.SecurityFilterChain' securityFilterChain; NestedCondition on DefaultWebSecurityCondition.Classes @ConditionalOnClass found required classes 'org.springframework.security.web.SecurityFilterChain', 'org.springframework.security.config.annotation.web.builders.HttpSecurity' (DefaultWebSecurityCondition)

   SpringBootWebSecurityConfiguration.WebSecurityEnablerConfiguration:
      Did not match:
         - @ConditionalOnMissingBean (names: springSecurityFilterChain; SearchStrategy: all) found beans named springSecurityFilterChain (OnBeanCondition)
      Matched:
         - @ConditionalOnClass found required class 'org.springframework.security.config.annotation.web.configuration.EnableWebSecurity' (OnClassCondition)

   TaskExecutorConfigurations.SimpleAsyncTaskExecutorBuilderConfiguration#simpleAsyncTaskExecutorBuilderVirtualThreads:
      Did not match:
         - @ConditionalOnMissingBean (types: org.springframework.boot.task.SimpleAsyncTaskExecutorBuilder; SearchStrategy: all) found beans of type 'org.springframework.boot.task.SimpleAsyncTaskExecutorBuilder' simpleAsyncTaskExecutorBuilder (OnBeanCondition)

   TaskExecutorConfigurations.TaskExecutorConfiguration#applicationTaskExecutorVirtualThreads:
      Did not match:
         - @ConditionalOnThreading did not find VIRTUAL (OnThreadingCondition)

   TaskSchedulingConfigurations.SimpleAsyncTaskSchedulerBuilderConfiguration#simpleAsyncTaskSchedulerBuilderVirtualThreads:
      Did not match:
         - @ConditionalOnMissingBean (types: org.springframework.boot.task.SimpleAsyncTaskSchedulerBuilder; SearchStrategy: all) found beans of type 'org.springframework.boot.task.SimpleAsyncTaskSchedulerBuilder' simpleAsyncTaskSchedulerBuilder (OnBeanCondition)

   TaskSchedulingConfigurations.TaskSchedulerConfiguration#taskSchedulerVirtualThreads:
      Did not match:
         - @ConditionalOnThreading did not find VIRTUAL (OnThreadingCondition)

   TemplateEngineConfigurations.ReactiveTemplateEngineConfiguration:
      Did not match:
         - did not find reactive web application classes (OnWebApplicationCondition)

   ThymeleafAutoConfiguration.DataAttributeDialectConfiguration:
      Did not match:
         - @ConditionalOnClass did not find required class 'com.github.mxab.thymeleaf.extras.dataattribute.dialect.DataAttributeDialect' (OnClassCondition)

   ThymeleafAutoConfiguration.ThymeleafSecurityDialectConfiguration:
      Did not match:
         - @ConditionalOnClass did not find required class 'org.thymeleaf.extras.springsecurity6.dialect.SpringSecurityDialect' (OnClassCondition)

   ThymeleafAutoConfiguration.ThymeleafWebFluxConfiguration:
      Did not match:
         - did not find reactive web application classes (OnWebApplicationCondition)

   ThymeleafAutoConfiguration.ThymeleafWebLayoutConfiguration:
      Did not match:
         - @ConditionalOnClass did not find required class 'nz.net.ultraq.thymeleaf.layoutdialect.LayoutDialect' (OnClassCondition)

   ThymeleafAutoConfiguration.ThymeleafWebMvcConfiguration#resourceUrlEncodingFilter:
      Did not match:
         - @ConditionalOnEnabledResourceChain did not find class org.webjars.WebJarVersionLocator (OnEnabledResourceChainCondition)

   TransactionAutoConfiguration#transactionalOperator:
      Did not match:
         - @ConditionalOnSingleCandidate (types: org.springframework.transaction.ReactiveTransactionManager; SearchStrategy: all) did not find any beans (OnBeanCondition)

   TransactionAutoConfiguration.AspectJTransactionManagementConfiguration:
      Did not match:
         - @ConditionalOnBean (types: org.springframework.transaction.aspectj.AbstractTransactionAspect; SearchStrategy: all) did not find any beans of type org.springframework.transaction.aspectj.AbstractTransactionAspect (OnBeanCondition)

   TransactionAutoConfiguration.EnableTransactionManagementConfiguration.JdkDynamicAutoProxyConfiguration:
      Did not match:
         - @ConditionalOnProperty (spring.aop.proxy-target-class=false) did not find property 'proxy-target-class' (OnPropertyCondition)

   UserDetailsServiceAutoConfiguration:
      Did not match:
         - AnyNestedCondition 0 matched 3 did not; NestedCondition on UserDetailsServiceAutoConfiguration.MissingAlternativeOrUserPropertiesConfigured.PasswordConfigured @ConditionalOnProperty (spring.security.user.password) did not find property 'password'; NestedCondition on UserDetailsServiceAutoConfiguration.MissingAlternativeOrUserPropertiesConfigured.NameConfigured @ConditionalOnProperty (spring.security.user.name) did not find property 'name'; NestedCondition on UserDetailsServiceAutoConfiguration.MissingAlternativeOrUserPropertiesConfigured.MissingAlternative @ConditionalOnMissingClass found unwanted class 'org.springframework.security.oauth2.client.registration.ClientRegistrationRepository' (UserDetailsServiceAutoConfiguration.MissingAlternativeOrUserPropertiesConfigured)
      Matched:
         - @ConditionalOnClass found required class 'org.springframework.security.authentication.AuthenticationManager' (OnClassCondition)
         - found 'session' scope (OnWebApplicationCondition)

   WebClientAutoConfiguration:
      Did not match:
         - @ConditionalOnClass did not find required class 'org.springframework.web.reactive.function.client.WebClient' (OnClassCondition)

   WebFluxAutoConfiguration:
      Did not match:
         - @ConditionalOnClass did not find required class 'org.springframework.web.reactive.config.WebFluxConfigurer' (OnClassCondition)

   WebMvcAutoConfiguration.ResourceChainCustomizerConfiguration:
      Did not match:
         - @ConditionalOnEnabledResourceChain did not find class org.webjars.WebJarVersionLocator (OnEnabledResourceChainCondition)

   WebMvcAutoConfiguration.WebMvcAutoConfigurationAdapter#beanNameViewResolver:
      Did not match:
         - @ConditionalOnBean (types: org.springframework.web.servlet.View; SearchStrategy: all) did not find any beans of type org.springframework.web.servlet.View (OnBeanCondition)

   WebServiceTemplateAutoConfiguration:
      Did not match:
         - @ConditionalOnClass did not find required class 'org.springframework.oxm.Marshaller' (OnClassCondition)

   WebServicesAutoConfiguration:
      Did not match:
         - @ConditionalOnClass did not find required class 'org.springframework.ws.transport.http.MessageDispatcherServlet' (OnClassCondition)

   WebSessionIdResolverAutoConfiguration:
      Did not match:
         - @ConditionalOnClass did not find required class 'reactor.core.publisher.Mono' (OnClassCondition)

   WebSocketMessagingAutoConfiguration:
      Did not match:
         - @ConditionalOnClass did not find required class 'org.springframework.web.socket.config.annotation.WebSocketMessageBrokerConfigurer' (OnClassCondition)

   WebSocketReactiveAutoConfiguration:
      Did not match:
         - @ConditionalOnWebApplication did not find reactive web application classes (OnWebApplicationCondition)

   WebSocketServletAutoConfiguration.JettyWebSocketConfiguration:
      Did not match:
         - @ConditionalOnClass did not find required class 'org.eclipse.jetty.ee10.websocket.jakarta.server.config.JakartaWebSocketServletContainerInitializer' (OnClassCondition)

   WebSocketServletAutoConfiguration.UndertowWebSocketConfiguration:
      Did not match:
         - @ConditionalOnClass did not find required class 'io.undertow.websockets.jsr.Bootstrap' (OnClassCondition)

   XADataSourceAutoConfiguration:
      Did not match:
         - @ConditionalOnBean (types: org.springframework.boot.jdbc.XADataSourceWrapper; SearchStrategy: all) did not find any beans of type org.springframework.boot.jdbc.XADataSourceWrapper (OnBeanCondition)
      Matched:
         - @ConditionalOnClass found required classes 'javax.sql.DataSource', 'jakarta.transaction.TransactionManager', 'org.springframework.jdbc.datasource.embedded.EmbeddedDatabaseType' (OnClassCondition)


Exclusions:
-----------

    None


Unconditional classes:
----------------------

    org.springframework.boot.autoconfigure.context.ConfigurationPropertiesAutoConfiguration

    org.springframework.boot.autoconfigure.ssl.SslAutoConfiguration

    org.springframework.boot.autoconfigure.context.PropertyPlaceholderAutoConfiguration

    org.springframework.boot.autoconfigure.context.LifecycleAutoConfiguration

    org.springframework.boot.autoconfigure.availability.ApplicationAvailabilityAutoConfiguration

    org.springframework.boot.autoconfigure.info.ProjectInfoAutoConfiguration



2025-05-10T18:02:37.625+02:00  INFO 1448 --- [ProyectoFInal] [           main] c.e.p.ProyectoFInalApplicationTests      : Started ProyectoFInalApplicationTests in 8.197 seconds (process running for 9.11)
2025-05-10T18:02:37.627+02:00 DEBUG 1448 --- [ProyectoFInal] [           main] o.s.b.a.ApplicationAvailabilityBean      : Application availability state LivenessState changed to CORRECT
2025-05-10T18:02:37.630+02:00 DEBUG 1448 --- [ProyectoFInal] [           main] o.s.boot.devtools.restart.Restarter      : Creating new Restarter for thread Thread[#3,main,5,main]
2025-05-10T18:02:37.631+02:00 DEBUG 1448 --- [ProyectoFInal] [           main] o.s.b.a.ApplicationAvailabilityBean      : Application availability state ReadinessState changed to ACCEPTING_TRAFFIC
2025-05-10T18:02:37.634+02:00 DEBUG 1448 --- [ProyectoFInal] [           main] org.springframework.test.context.cache   : Spring test ApplicationContext cache statistics: [DefaultContextCache@30eed725 size = 1, maxSize = 32, parentContextCount = 0, hitCount = 0, missCount = 1, failureCount = 0]
2025-05-10T18:02:37.634+02:00 DEBUG 1448 --- [ProyectoFInal] [           main] o.s.t.c.w.ServletTestExecutionListener   : Setting up MockHttpServletRequest, MockHttpServletResponse, ServletWebRequest, and RequestContextHolder for test class com.example.proyectofinal.ProyectoFInalApplicationTests
2025-05-10T18:02:37.647+02:00 DEBUG 1448 --- [ProyectoFInal] [           main] DependencyInjectionTestExecutionListener : Performing dependency injection for test class com.example.proyectofinal.ProyectoFInalApplicationTests
2025-05-10T18:02:37.647+02:00 DEBUG 1448 --- [ProyectoFInal] [           main] org.springframework.test.context.cache   : Spring test ApplicationContext cache statistics: [DefaultContextCache@30eed725 size = 1, maxSize = 32, parentContextCount = 0, hitCount = 1, missCount = 1, failureCount = 0]
2025-05-10T18:02:37.650+02:00 DEBUG 1448 --- [ProyectoFInal] [           main] org.springframework.test.context.cache   : Spring test ApplicationContext cache statistics: [DefaultContextCache@30eed725 size = 1, maxSize = 32, parentContextCount = 0, hitCount = 2, missCount = 1, failureCount = 0]
2025-05-10T18:02:37.657+02:00 DEBUG 1448 --- [ProyectoFInal] [           main] sContextBeforeModesTestExecutionListener : Before test method: class [ProyectoFInalApplicationTests], method [contextLoads], class annotated with @DirtiesContext [false] with mode [null], method annotated with @DirtiesContext [false] with mode [null]
2025-05-10T18:02:37.659+02:00 DEBUG 1448 --- [ProyectoFInal] [           main] org.springframework.test.context.cache   : Spring test ApplicationContext cache statistics: [DefaultContextCache@30eed725 size = 1, maxSize = 32, parentContextCount = 0, hitCount = 3, missCount = 1, failureCount = 0]
2025-05-10T18:02:37.659+02:00 DEBUG 1448 --- [ProyectoFInal] [           main] org.springframework.test.context.cache   : Spring test ApplicationContext cache statistics: [DefaultContextCache@30eed725 size = 1, maxSize = 32, parentContextCount = 0, hitCount = 4, missCount = 1, failureCount = 0]
2025-05-10T18:02:38.066+02:00 DEBUG 1448 --- [ProyectoFInal] [           main] org.springframework.test.context.cache   : Spring test ApplicationContext cache statistics: [DefaultContextCache@30eed725 size = 1, maxSize = 32, parentContextCount = 0, hitCount = 5, missCount = 1, failureCount = 0]
2025-05-10T18:02:38.070+02:00 DEBUG 1448 --- [ProyectoFInal] [           main] org.springframework.test.context.cache   : Spring test ApplicationContext cache statistics: [DefaultContextCache@30eed725 size = 1, maxSize = 32, parentContextCount = 0, hitCount = 6, missCount = 1, failureCount = 0]
2025-05-10T18:02:38.076+02:00 DEBUG 1448 --- [ProyectoFInal] [           main] org.springframework.test.context.cache   : Spring test ApplicationContext cache statistics: [DefaultContextCache@30eed725 size = 1, maxSize = 32, parentContextCount = 0, hitCount = 7, missCount = 1, failureCount = 0]
2025-05-10T18:02:38.077+02:00 DEBUG 1448 --- [ProyectoFInal] [           main] org.springframework.test.context.cache   : Spring test ApplicationContext cache statistics: [DefaultContextCache@30eed725 size = 1, maxSize = 32, parentContextCount = 0, hitCount = 8, missCount = 1, failureCount = 0]
2025-05-10T18:02:38.078+02:00 DEBUG 1448 --- [ProyectoFInal] [           main] org.springframework.test.context.cache   : Spring test ApplicationContext cache statistics: [DefaultContextCache@30eed725 size = 1, maxSize = 32, parentContextCount = 0, hitCount = 9, missCount = 1, failureCount = 0]
2025-05-10T18:02:38.078+02:00 DEBUG 1448 --- [ProyectoFInal] [           main] org.springframework.test.context.cache   : Spring test ApplicationContext cache statistics: [DefaultContextCache@30eed725 size = 1, maxSize = 32, parentContextCount = 0, hitCount = 10, missCount = 1, failureCount = 0]
2025-05-10T18:02:38.079+02:00 DEBUG 1448 --- [ProyectoFInal] [           main] org.springframework.test.context.cache   : Spring test ApplicationContext cache statistics: [DefaultContextCache@30eed725 size = 1, maxSize = 32, parentContextCount = 0, hitCount = 11, missCount = 1, failureCount = 0]
2025-05-10T18:02:38.080+02:00 DEBUG 1448 --- [ProyectoFInal] [           main] org.springframework.test.context.cache   : Spring test ApplicationContext cache statistics: [DefaultContextCache@30eed725 size = 1, maxSize = 32, parentContextCount = 0, hitCount = 12, missCount = 1, failureCount = 0]
2025-05-10T18:02:38.081+02:00 DEBUG 1448 --- [ProyectoFInal] [           main] org.springframework.test.context.cache   : Spring test ApplicationContext cache statistics: [DefaultContextCache@30eed725 size = 1, maxSize = 32, parentContextCount = 0, hitCount = 13, missCount = 1, failureCount = 0]
2025-05-10T18:02:38.082+02:00 DEBUG 1448 --- [ProyectoFInal] [           main] .c.s.DirtiesContextTestExecutionListener : After test method: class [ProyectoFInalApplicationTests], method [contextLoads], class annotated with @DirtiesContext [false] with mode [null], method annotated with @DirtiesContext [false] with mode [null]
2025-05-10T18:02:38.082+02:00 DEBUG 1448 --- [ProyectoFInal] [           main] o.s.t.c.w.ServletTestExecutionListener   : Resetting RequestContextHolder for test class com.example.proyectofinal.ProyectoFInalApplicationTests
]]></system-out>
    <system-err><![CDATA[Mockito is currently self-attaching to enable the inline-mock-maker. This will no longer work in future releases of the JDK. Please add Mockito as an agent to your build what is described in Mockito's documentation: https://javadoc.io/doc/org.mockito/mockito-core/latest/org/mockito/Mockito.html#0.3
WARNING: A Java agent has been loaded dynamically (C:\Users\mihai\.m2\repository\net\bytebuddy\byte-buddy-agent\1.15.11\byte-buddy-agent-1.15.11.jar)
WARNING: If a serviceability tool is in use, please run with -XX:+EnableDynamicAgentLoading to hide this warning
WARNING: If a serviceability tool is not in use, please run with -Djdk.instrument.traceUsage for more information
WARNING: Dynamic loading of agents will be disallowed by default in a future release
]]></system-err>
  </testcase>
</testsuite>